#
# There is insufficient memory for the Java Runtime Environment to continue.
# Native memory allocation (malloc) failed to allocate 1058656 bytes. Error detail: Chunk::new
# Possible reasons:
#   The system is out of physical RAM or swap space
#   This process is running with CompressedOops enabled, and the Java Heap may be blocking the growth of the native heap
# Possible solutions:
#   Reduce memory load on the system
#   Increase physical memory or swap space
#   Check if swap backing store is full
#   Decrease Java heap size (-Xmx/-Xms)
#   Decrease number of Java threads
#   Decrease Java thread stack sizes (-Xss)
#   Set larger code cache with -XX:ReservedCodeCacheSize=
#   JVM is running with Unscaled Compressed Oops mode in which the Java heap is
#     placed in the first 4GB address space. The Java Heap base address is the
#     maximum limit for the native heap growth. Please use -XX:HeapBaseMinAddress
#     to set the Java Heap base and to place the Java Heap above 4GB virtual address.
# This output file may be truncated or incomplete.
#
#  Out of Memory Error (arena.cpp:168), pid=18916, tid=44852
#
# JRE version: OpenJDK Runtime Environment Temurin-21.0.7+6 (21.0.7+6) (build 21.0.7+6-LTS)
# Java VM: OpenJDK 64-Bit Server VM Temurin-21.0.7+6 (21.0.7+6-LTS, mixed mode, sharing, tiered, compressed oops, compressed class ptrs, parallel gc, windows-amd64)
# No core dump will be written. Minidumps are not enabled by default on client versions of Windows
#

---------------  S U M M A R Y ------------

Command Line: --add-modules=ALL-SYSTEM --add-opens=java.base/java.util=ALL-UNNAMED --add-opens=java.base/java.lang=ALL-UNNAMED --add-opens=java.base/sun.nio.fs=ALL-UNNAMED -Declipse.application=org.eclipse.jdt.ls.core.id1 -Dosgi.bundles.defaultStartLevel=4 -Declipse.product=org.eclipse.jdt.ls.core.product -Djava.import.generatesMetadataFilesAtProjectRoot=false -DDetectVMInstallationsJob.disabled=true -Dfile.encoding=utf8 -XX:+UseParallelGC -XX:GCTimeRatio=4 -XX:AdaptiveSizePolicyWeight=90 -Dsun.zip.disableMemoryMapping=true -Xmx1G -Xms100m -Xlog:disable -javaagent:c:\Users\santy\.vscode\extensions\redhat.java-1.42.0-win32-x64\lombok\lombok-1.18.36.jar -XX:+HeapDumpOnOutOfMemoryError -XX:HeapDumpPath=c:\Users\santy\AppData\Roaming\Code\User\workspaceStorage\0a76d4bd7d16ebb6aad7bda8e9b40fa5\redhat.java -Daether.dependencyCollector.impl=bf c:\Users\santy\.vscode\extensions\redhat.java-1.42.0-win32-x64\server\plugins\org.eclipse.equinox.launcher_1.7.0.v20250424-1814.jar -configuration c:\Users\santy\AppData\Roaming\Code\User\globalStorage\redhat.java\1.42.0\config_win -data c:\Users\santy\AppData\Roaming\Code\User\workspaceStorage\0a76d4bd7d16ebb6aad7bda8e9b40fa5\redhat.java\jdt_ws --pipe=\\.\pipe\lsp-f79b098d0123c7264d316a0abcb1d828-sock

Host: 11th Gen Intel(R) Core(TM) i5-11400H @ 2.70GHz, 12 cores, 7G,  Windows 11 , 64 bit Build 26100 (10.0.26100.3912)
Time: Mon May 26 17:05:27 2025 SA Pacific Standard Time elapsed time: 102.798966 seconds (0d 0h 1m 42s)

---------------  T H R E A D  ---------------

Current thread (0x000001d9cdd16140):  JavaThread "C2 CompilerThread1" daemon [_thread_in_native, id=44852, stack(0x0000002f23100000,0x0000002f23200000) (1024K)]


Current CompileTask:
C2:102799 20171       4       org.lombokweb.asm.SymbolTable::<init> (536 bytes)

Stack: [0x0000002f23100000,0x0000002f23200000]
Native frames: (J=compiled Java code, j=interpreted, Vv=VM code, C=native code)
V  [jvm.dll+0x6ce119]
V  [jvm.dll+0x8a84a1]
V  [jvm.dll+0x8aa9ce]
V  [jvm.dll+0x8ab0b3]
V  [jvm.dll+0x27f8a6]
V  [jvm.dll+0xc507d]
V  [jvm.dll+0xc55b3]
V  [jvm.dll+0x2f2c6d]
V  [jvm.dll+0x5f6bca]
V  [jvm.dll+0x250cb2]
V  [jvm.dll+0x25106f]
V  [jvm.dll+0x249934]
V  [jvm.dll+0x246fc4]
V  [jvm.dll+0x1c760e]
V  [jvm.dll+0x25695a]
V  [jvm.dll+0x254efa]
V  [jvm.dll+0x3f03f6]
V  [jvm.dll+0x851f6b]
V  [jvm.dll+0x6cc7dd]
C  [ucrtbase.dll+0x37b0]
C  [KERNEL32.DLL+0x2e8d7]
C  [ntdll.dll+0x9c5dc]


---------------  P R O C E S S  ---------------

Threads class SMR info:
_java_thread_list=0x000001d9cb24a2b0, length=89, elements={
0x000001d9eb2ed850, 0x000001d9ed820fd0, 0x000001d9ed8245f0, 0x000001d9ed827140,
0x000001d9ed827d90, 0x000001d9ed82aeb0, 0x000001d9ed832f20, 0x000001d9c403be70,
0x000001d9c403c510, 0x000001d9c4105320, 0x000001d9c9050540, 0x000001d9c95b7060,
0x000001d9c9744340, 0x000001d9c4170830, 0x000001d9c4171700, 0x000001d9c979ea80,
0x000001d9c43a2c80, 0x000001d9c9275150, 0x000001d9c92729f0, 0x000001d9c9271cd0,
0x000001d9c9274ac0, 0x000001d9c9273080, 0x000001d9c9273710, 0x000001d9c9273da0,
0x000001d9c9274430, 0x000001d9cc630610, 0x000001d9cc631330, 0x000001d9cc632050,
0x000001d9cc6319c0, 0x000001d9cc633400, 0x000001d9cc630ca0, 0x000001d9cc62ff80,
0x000001d9cc633a90, 0x000001d9cc634120, 0x000001d9cc632d70, 0x000001d9cc635b60,
0x000001d9cc634e40, 0x000001d9cc6326e0, 0x000001d9cc6347b0, 0x000001d9cc6354d0,
0x000001d9cc6361f0, 0x000001d9cc636880, 0x000001d9cc636f10, 0x000001d9cbabcba0,
0x000001d9cbabc510, 0x000001d9cbab9720, 0x000001d9cbaba440, 0x000001d9cbabb160,
0x000001d9cbabdf50, 0x000001d9cbabe5e0, 0x000001d9cbabb7f0, 0x000001d9cbabf300,
0x000001d9cc867d90, 0x000001d9cc8669e0, 0x000001d9cc865630, 0x000001d9cc867700,
0x000001d9cc8697d0, 0x000001d9cc86b8a0, 0x000001d9cc86ab80, 0x000001d9cc86bf30,
0x000001d9cc869e60, 0x000001d9cc86b210, 0x000001d9cc86a4f0, 0x000001d9cbac06b0,
0x000001d9cb85c2b0, 0x000001d9cb85c940, 0x000001d9cb85b590, 0x000001d9cb85d660,
0x000001d9cb85bc20, 0x000001d9cb85cfd0, 0x000001d9cb85af00, 0x000001d9cb85a870,
0x000001d9cb85fdc0, 0x000001d9cb860450, 0x000001d9cb85f0a0, 0x000001d9cb85f730,
0x000001d9d6595a00, 0x000001d9d6596720, 0x000001d9d6597440, 0x000001d9d6594650,
0x000001d9d6596090, 0x000001d9d6598160, 0x000001d9d6595370, 0x000001d9d6594ce0,
0x000001d9d6596db0, 0x000001d9cb85e380, 0x000001d9cb861e90, 0x000001d9cdd16140,
0x000001d9cdd14cd0
}

Java Threads: ( => current thread )
  0x000001d9eb2ed850 JavaThread "main"                              [_thread_blocked, id=2352, stack(0x0000002f1cf00000,0x0000002f1d000000) (1024K)]
  0x000001d9ed820fd0 JavaThread "Reference Handler"          daemon [_thread_blocked, id=1588, stack(0x0000002f1d300000,0x0000002f1d400000) (1024K)]
  0x000001d9ed8245f0 JavaThread "Finalizer"                  daemon [_thread_blocked, id=17428, stack(0x0000002f1d400000,0x0000002f1d500000) (1024K)]
  0x000001d9ed827140 JavaThread "Signal Dispatcher"          daemon [_thread_blocked, id=11800, stack(0x0000002f1d500000,0x0000002f1d600000) (1024K)]
  0x000001d9ed827d90 JavaThread "Attach Listener"            daemon [_thread_blocked, id=18144, stack(0x0000002f1d600000,0x0000002f1d700000) (1024K)]
  0x000001d9ed82aeb0 JavaThread "Service Thread"             daemon [_thread_blocked, id=1480, stack(0x0000002f1d700000,0x0000002f1d800000) (1024K)]
  0x000001d9ed832f20 JavaThread "Monitor Deflation Thread"   daemon [_thread_blocked, id=7372, stack(0x0000002f1d800000,0x0000002f1d900000) (1024K)]
  0x000001d9c403be70 JavaThread "C2 CompilerThread0"         daemon [_thread_in_native, id=16560, stack(0x0000002f1d900000,0x0000002f1da00000) (1024K)]
  0x000001d9c403c510 JavaThread "C1 CompilerThread0"         daemon [_thread_blocked, id=19004, stack(0x0000002f1da00000,0x0000002f1db00000) (1024K)]
  0x000001d9c4105320 JavaThread "Common-Cleaner"             daemon [_thread_blocked, id=19012, stack(0x0000002f1db00000,0x0000002f1dc00000) (1024K)]
  0x000001d9c9050540 JavaThread "Notification Thread"        daemon [_thread_blocked, id=5036, stack(0x0000002f1dd00000,0x0000002f1de00000) (1024K)]
  0x000001d9c95b7060 JavaThread "Active Thread: Equinox Container: d7dc1773-e60a-487b-be29-a539b22fe182"        [_thread_blocked, id=6240, stack(0x0000002f1e500000,0x0000002f1e600000) (1024K)]
  0x000001d9c9744340 JavaThread "Refresh Thread: Equinox Container: d7dc1773-e60a-487b-be29-a539b22fe182" daemon [_thread_blocked, id=8140, stack(0x0000002f1dc00000,0x0000002f1dd00000) (1024K)]
  0x000001d9c4170830 JavaThread "Framework Event Dispatcher: Equinox Container: d7dc1773-e60a-487b-be29-a539b22fe182" daemon [_thread_blocked, id=19328, stack(0x0000002f1e600000,0x0000002f1e700000) (1024K)]
  0x000001d9c4171700 JavaThread "Start Level: Equinox Container: d7dc1773-e60a-487b-be29-a539b22fe182" daemon [_thread_blocked, id=16812, stack(0x0000002f1e700000,0x0000002f1e800000) (1024K)]
  0x000001d9c979ea80 JavaThread "Bundle File Closer"         daemon [_thread_blocked, id=6300, stack(0x0000002f1eb00000,0x0000002f1ec00000) (1024K)]
  0x000001d9c43a2c80 JavaThread "SCR Component Actor"        daemon [_thread_blocked, id=5428, stack(0x0000002f1e800000,0x0000002f1e900000) (1024K)]
  0x000001d9c9275150 JavaThread "Worker-JM"                         [_thread_blocked, id=1380, stack(0x0000002f1ee00000,0x0000002f1ef00000) (1024K)]
  0x000001d9c92729f0 JavaThread "JNA Cleaner"                daemon [_thread_blocked, id=19320, stack(0x0000002f1ef00000,0x0000002f1f000000) (1024K)]
  0x000001d9c9271cd0 JavaThread "Worker-0"                          [_thread_blocked, id=18532, stack(0x0000002f1f000000,0x0000002f1f100000) (1024K)]
  0x000001d9c9274ac0 JavaThread "Worker-1"                          [_thread_blocked, id=3792, stack(0x0000002f1f100000,0x0000002f1f200000) (1024K)]
  0x000001d9c9273080 JavaThread "Worker-2: Java indexing... "        [_thread_blocked, id=18008, stack(0x0000002f1f200000,0x0000002f1f300000) (1024K)]
  0x000001d9c9273710 JavaThread "Java indexing"              daemon [_thread_blocked, id=6112, stack(0x0000002f1f400000,0x0000002f1f500000) (1024K)]
  0x000001d9c9273da0 JavaThread "Worker-3"                          [_thread_blocked, id=15756, stack(0x0000002f1f700000,0x0000002f1f800000) (1024K)]
  0x000001d9c9274430 JavaThread "Worker-4"                          [_thread_blocked, id=18412, stack(0x0000002f1f800000,0x0000002f1f900000) (1024K)]
  0x000001d9cc630610 JavaThread "Worker-5: Initialize workspace"        [_thread_in_vm, id=19264, stack(0x0000002f1f900000,0x0000002f1fa00000) (1024K)]
  0x000001d9cc631330 JavaThread "Thread-2"                   daemon [_thread_in_native, id=11224, stack(0x0000002f1fa00000,0x0000002f1fb00000) (1024K)]
  0x000001d9cc632050 JavaThread "Thread-3"                   daemon [_thread_in_native, id=8224, stack(0x0000002f1fb00000,0x0000002f1fc00000) (1024K)]
  0x000001d9cc6319c0 JavaThread "Thread-4"                   daemon [_thread_in_native, id=5060, stack(0x0000002f1fc00000,0x0000002f1fd00000) (1024K)]
  0x000001d9cc633400 JavaThread "Thread-5"                   daemon [_thread_in_native, id=4028, stack(0x0000002f1fd00000,0x0000002f1fe00000) (1024K)]
  0x000001d9cc630ca0 JavaThread "Thread-6"                   daemon [_thread_in_native, id=14536, stack(0x0000002f1fe00000,0x0000002f1ff00000) (1024K)]
  0x000001d9cc62ff80 JavaThread "Thread-7"                   daemon [_thread_in_native, id=9680, stack(0x0000002f1ff00000,0x0000002f20000000) (1024K)]
  0x000001d9cc633a90 JavaThread "Thread-8"                   daemon [_thread_in_native, id=13024, stack(0x0000002f20000000,0x0000002f20100000) (1024K)]
  0x000001d9cc634120 JavaThread "Thread-9"                   daemon [_thread_in_native, id=13232, stack(0x0000002f20100000,0x0000002f20200000) (1024K)]
  0x000001d9cc632d70 JavaThread "Thread-10"                  daemon [_thread_in_native, id=18044, stack(0x0000002f20200000,0x0000002f20300000) (1024K)]
  0x000001d9cc635b60 JavaThread "Thread-11"                  daemon [_thread_in_native, id=15576, stack(0x0000002f20300000,0x0000002f20400000) (1024K)]
  0x000001d9cc634e40 JavaThread "Thread-12"                  daemon [_thread_in_native, id=18012, stack(0x0000002f20400000,0x0000002f20500000) (1024K)]
  0x000001d9cc6326e0 JavaThread "Thread-13"                  daemon [_thread_in_native, id=18788, stack(0x0000002f20500000,0x0000002f20600000) (1024K)]
  0x000001d9cc6347b0 JavaThread "Thread-14"                  daemon [_thread_in_native, id=10376, stack(0x0000002f20600000,0x0000002f20700000) (1024K)]
  0x000001d9cc6354d0 JavaThread "pool-2-thread-1"                   [_thread_blocked, id=15816, stack(0x0000002f20700000,0x0000002f20800000) (1024K)]
  0x000001d9cc6361f0 JavaThread "WorkspaceEventsHandler"            [_thread_blocked, id=17388, stack(0x0000002f20800000,0x0000002f20900000) (1024K)]
  0x000001d9cc636880 JavaThread "pool-1-thread-1"                   [_thread_blocked, id=10644, stack(0x0000002f20900000,0x0000002f20a00000) (1024K)]
  0x000001d9cc636f10 JavaThread "Worker-6"                          [_thread_blocked, id=18156, stack(0x0000002f20a00000,0x0000002f20b00000) (1024K)]
  0x000001d9cbabcba0 JavaThread "LocalFile Deleter"          daemon [_thread_blocked, id=8228, stack(0x0000002f20b00000,0x0000002f20c00000) (1024K)]
  0x000001d9cbabc510 JavaThread "LocalFile Deleter"          daemon [_thread_blocked, id=15124, stack(0x0000002f20c00000,0x0000002f20d00000) (1024K)]
  0x000001d9cbab9720 JavaThread "LocalFile Deleter"          daemon [_thread_blocked, id=16888, stack(0x0000002f20d00000,0x0000002f20e00000) (1024K)]
  0x000001d9cbaba440 JavaThread "LocalFile Deleter"          daemon [_thread_blocked, id=8824, stack(0x0000002f20e00000,0x0000002f20f00000) (1024K)]
  0x000001d9cbabb160 JavaThread "Compiler Source File Reader" daemon [_thread_blocked, id=6388, stack(0x0000002f20f00000,0x0000002f21000000) (1024K)]
  0x000001d9cbabdf50 JavaThread "Compiler Processing Task"   daemon [_thread_blocked, id=18748, stack(0x0000002f1ed00000,0x0000002f1ee00000) (1024K)]
  0x000001d9cbabe5e0 JavaThread "Compiler Class File Writer" daemon [_thread_blocked, id=17704, stack(0x0000002f1f300000,0x0000002f1f400000) (1024K)]
  0x000001d9cbabb7f0 JavaThread "Compiler Source File Reader" daemon [_thread_blocked, id=18568, stack(0x0000002f21000000,0x0000002f21100000) (1024K)]
  0x000001d9cbabf300 JavaThread "Compiler Class File Writer" daemon [_thread_blocked, id=18452, stack(0x0000002f1ce00000,0x0000002f1cf00000) (1024K)]
  0x000001d9cc867d90 JavaThread "Compiler Source File Reader" daemon [_thread_blocked, id=5496, stack(0x0000002f21200000,0x0000002f21300000) (1024K)]
  0x000001d9cc8669e0 JavaThread "Compiler Class File Writer" daemon [_thread_blocked, id=6656, stack(0x0000002f21100000,0x0000002f21200000) (1024K)]
  0x000001d9cc865630 JavaThread "Compiler Source File Reader" daemon [_thread_blocked, id=18416, stack(0x0000002f21300000,0x0000002f21400000) (1024K)]
  0x000001d9cc867700 JavaThread "Compiler Class File Writer" daemon [_thread_blocked, id=2344, stack(0x0000002f21400000,0x0000002f21500000) (1024K)]
  0x000001d9cc8697d0 JavaThread "LocalFile Deleter"          daemon [_thread_blocked, id=3780, stack(0x0000002f1cc00000,0x0000002f1cd00000) (1024K)]
  0x000001d9cc86b8a0 JavaThread "LocalFile Deleter"          daemon [_thread_blocked, id=7432, stack(0x0000002f1cd00000,0x0000002f1ce00000) (1024K)]
  0x000001d9cc86ab80 JavaThread "LocalFile Deleter"          daemon [_thread_blocked, id=18852, stack(0x0000002f21500000,0x0000002f21600000) (1024K)]
  0x000001d9cc86bf30 JavaThread "LocalFile Deleter"          daemon [_thread_blocked, id=8944, stack(0x0000002f21600000,0x0000002f21700000) (1024K)]
  0x000001d9cc869e60 JavaThread "LocalFile Deleter"          daemon [_thread_blocked, id=5816, stack(0x0000002f21700000,0x0000002f21800000) (1024K)]
  0x000001d9cc86b210 JavaThread "LocalFile Deleter"          daemon [_thread_blocked, id=14620, stack(0x0000002f21800000,0x0000002f21900000) (1024K)]
  0x000001d9cc86a4f0 JavaThread "LocalFile Deleter"          daemon [_thread_blocked, id=6800, stack(0x0000002f21900000,0x0000002f21a00000) (1024K)]
  0x000001d9cbac06b0 JavaThread "LocalFile Deleter"          daemon [_thread_blocked, id=11648, stack(0x0000002f21b00000,0x0000002f21c00000) (1024K)]
  0x000001d9cb85c2b0 JavaThread "Compiler Source File Reader" daemon [_thread_blocked, id=18980, stack(0x0000002f21c00000,0x0000002f21d00000) (1024K)]
  0x000001d9cb85c940 JavaThread "Compiler Source File Reader" daemon [_thread_blocked, id=17040, stack(0x0000002f21d00000,0x0000002f21e00000) (1024K)]
  0x000001d9cb85b590 JavaThread "Compiler Source File Reader" daemon [_thread_blocked, id=1460, stack(0x0000002f21e00000,0x0000002f21f00000) (1024K)]
  0x000001d9cb85d660 JavaThread "Compiler Source File Reader" daemon [_thread_blocked, id=2780, stack(0x0000002f21f00000,0x0000002f22000000) (1024K)]
  0x000001d9cb85bc20 JavaThread "Compiler Source File Reader" daemon [_thread_blocked, id=3480, stack(0x0000002f22000000,0x0000002f22100000) (1024K)]
  0x000001d9cb85cfd0 JavaThread "Compiler Source File Reader" daemon [_thread_blocked, id=14528, stack(0x0000002f22100000,0x0000002f22200000) (1024K)]
  0x000001d9cb85af00 JavaThread "Compiler Class File Writer" daemon [_thread_blocked, id=9116, stack(0x0000002f22200000,0x0000002f22300000) (1024K)]
  0x000001d9cb85a870 JavaThread "Compiler Class File Writer" daemon [_thread_blocked, id=13100, stack(0x0000002f22300000,0x0000002f22400000) (1024K)]
  0x000001d9cb85fdc0 JavaThread "Compiler Class File Writer" daemon [_thread_blocked, id=16292, stack(0x0000002f22400000,0x0000002f22500000) (1024K)]
  0x000001d9cb860450 JavaThread "Compiler Class File Writer" daemon [_thread_blocked, id=17784, stack(0x0000002f22500000,0x0000002f22600000) (1024K)]
  0x000001d9cb85f0a0 JavaThread "Compiler Class File Writer" daemon [_thread_blocked, id=17508, stack(0x0000002f22600000,0x0000002f22700000) (1024K)]
  0x000001d9cb85f730 JavaThread "Compiler Class File Writer" daemon [_thread_blocked, id=5392, stack(0x0000002f22700000,0x0000002f22800000) (1024K)]
  0x000001d9d6595a00 JavaThread "ForkJoinPool.commonPool-worker-1" daemon [_thread_blocked, id=8672, stack(0x0000002f1ec00000,0x0000002f1ed00000) (1024K)]
  0x000001d9d6596720 JavaThread "ForkJoinPool.commonPool-worker-2" daemon [_thread_blocked, id=43956, stack(0x0000002f21a00000,0x0000002f21b00000) (1024K)]
  0x000001d9d6597440 JavaThread "ForkJoinPool.commonPool-worker-3" daemon [_thread_blocked, id=44232, stack(0x0000002f22800000,0x0000002f22900000) (1024K)]
  0x000001d9d6594650 JavaThread "ForkJoinPool.commonPool-worker-4" daemon [_thread_blocked, id=44964, stack(0x0000002f22900000,0x0000002f22a00000) (1024K)]
  0x000001d9d6596090 JavaThread "ForkJoinPool.commonPool-worker-5" daemon [_thread_blocked, id=44980, stack(0x0000002f22a00000,0x0000002f22b00000) (1024K)]
  0x000001d9d6598160 JavaThread "ForkJoinPool.commonPool-worker-6" daemon [_thread_blocked, id=44976, stack(0x0000002f22b00000,0x0000002f22c00000) (1024K)]
  0x000001d9d6595370 JavaThread "ForkJoinPool.commonPool-worker-7" daemon [_thread_blocked, id=44260, stack(0x0000002f22c00000,0x0000002f22d00000) (1024K)]
  0x000001d9d6594ce0 JavaThread "ForkJoinPool.commonPool-worker-8" daemon [_thread_blocked, id=44124, stack(0x0000002f22d00000,0x0000002f22e00000) (1024K)]
  0x000001d9d6596db0 JavaThread "ForkJoinPool.commonPool-worker-9" daemon [_thread_blocked, id=44148, stack(0x0000002f22e00000,0x0000002f22f00000) (1024K)]
  0x000001d9cb85e380 JavaThread "ForkJoinPool.commonPool-worker-10" daemon [_thread_blocked, id=45048, stack(0x0000002f22f00000,0x0000002f23000000) (1024K)]
  0x000001d9cb861e90 JavaThread "ForkJoinPool.commonPool-worker-11" daemon [_thread_blocked, id=44088, stack(0x0000002f23000000,0x0000002f23100000) (1024K)]
=>0x000001d9cdd16140 JavaThread "C2 CompilerThread1"         daemon [_thread_in_native, id=44852, stack(0x0000002f23100000,0x0000002f23200000) (1024K)]
  0x000001d9cdd14cd0 JavaThread "C2 CompilerThread2"         daemon [_thread_in_native, id=44856, stack(0x0000002f23200000,0x0000002f23300000) (1024K)]
Total: 89

Other Threads:
  0x000001d9ffb540a0 VMThread "VM Thread"                           [id=3800, stack(0x0000002f1d200000,0x0000002f1d300000) (1024K)]
  0x000001d9ffa4c950 WatcherThread "VM Periodic Task Thread"        [id=11964, stack(0x0000002f1d100000,0x0000002f1d200000) (1024K)]
  0x000001d9ed79d7f0 WorkerThread "GC Thread#0"                     [id=3336, stack(0x0000002f1d000000,0x0000002f1d100000) (1024K)]
  0x000001d9c9465cd0 WorkerThread "GC Thread#1"                     [id=5976, stack(0x0000002f1df00000,0x0000002f1e000000) (1024K)]
  0x000001d9c9257cc0 WorkerThread "GC Thread#2"                     [id=19364, stack(0x0000002f1e000000,0x0000002f1e100000) (1024K)]
  0x000001d9c9258060 WorkerThread "GC Thread#3"                     [id=15324, stack(0x0000002f1e100000,0x0000002f1e200000) (1024K)]
  0x000001d9c9258400 WorkerThread "GC Thread#4"                     [id=14864, stack(0x0000002f1e200000,0x0000002f1e300000) (1024K)]
  0x000001d9c92587a0 WorkerThread "GC Thread#5"                     [id=6540, stack(0x0000002f1e300000,0x0000002f1e400000) (1024K)]
  0x000001d9c9258b40 WorkerThread "GC Thread#6"                     [id=7184, stack(0x0000002f1e400000,0x0000002f1e500000) (1024K)]
  0x000001d9c40891d0 WorkerThread "GC Thread#7"                     [id=19340, stack(0x0000002f1de00000,0x0000002f1df00000) (1024K)]
  0x000001d9c9f12cc0 WorkerThread "GC Thread#8"                     [id=6680, stack(0x0000002f1e900000,0x0000002f1ea00000) (1024K)]
  0x000001d9c9f13060 WorkerThread "GC Thread#9"                     [id=17416, stack(0x0000002f1ea00000,0x0000002f1eb00000) (1024K)]
Total: 12

Threads with active compile tasks:
C2 CompilerThread0  102869 20198       4       org.eclipse.jdt.internal.compiler.parser.Parser::consumeToken (2264 bytes)
C2 CompilerThread1  102870 20171       4       org.lombokweb.asm.SymbolTable::<init> (536 bytes)
C2 CompilerThread2  102870 20175       4       org.lombokweb.asm.ClassReader::readCode (5117 bytes)
Total: 3

VM state: not at safepoint (normal execution)

VM Mutex/Monitor currently owned by a thread: None

Heap address: 0x00000000c0000000, size: 1024 MB, Compressed Oops mode: 32-bit

CDS archive(s) mapped at: [0x000001d982000000-0x000001d982ba0000-0x000001d982ba0000), size 12189696, SharedBaseAddress: 0x000001d982000000, ArchiveRelocationMode: 1.
Compressed class space mapped at: 0x000001d983000000-0x000001d9c3000000, reserved size: 1073741824
Narrow klass base: 0x000001d982000000, Narrow klass shift: 0, Narrow klass range: 0x100000000

GC Precious Log:
 CardTable entry size: 512
 CPUs: 12 total, 12 available
 Memory: 7830M
 Large Page Support: Disabled
 NUMA Support: Disabled
 Compressed Oops: Enabled (32-bit)
 Alignments: Space 512K, Generation 512K, Heap 2M
 Heap Min Capacity: 100M
 Heap Initial Capacity: 100M
 Heap Max Capacity: 1G
 Pre-touch: Disabled
 Parallel Workers: 10

Heap:
 PSYoungGen      total 10752K, used 2815K [0x00000000eab00000, 0x00000000eb680000, 0x0000000100000000)
  eden space 9728K, 19% used [0x00000000eab00000,0x00000000eacd7cc0,0x00000000eb480000)
  from space 1024K, 90% used [0x00000000eb580000,0x00000000eb668000,0x00000000eb680000)
  to   space 1024K, 0% used [0x00000000eb480000,0x00000000eb480000,0x00000000eb580000)
 ParOldGen       total 449536K, used 449407K [0x00000000c0000000, 0x00000000db700000, 0x00000000eab00000)
  object space 449536K, 99% used [0x00000000c0000000,0x00000000db6dff28,0x00000000db700000)
 Metaspace       used 75459K, committed 77376K, reserved 1179648K
  class space    used 7392K, committed 8192K, reserved 1048576K

Card table byte_map: [0x000001d9ed120000,0x000001d9ed330000] _byte_map_base: 0x000001d9ecb20000

Marking Bits: (ParMarkBitMap*) 0x00007ff894a131f0
 Begin Bits: [0x000001d980000000, 0x000001d981000000)
 End Bits:   [0x000001d981000000, 0x000001d982000000)

Polling page: 0x000001d9eb5a0000

Metaspace:

Usage:
  Non-class:     66.47 MB used.
      Class:      7.22 MB used.
       Both:     73.69 MB used.

Virtual space:
  Non-class space:      128.00 MB reserved,      67.56 MB ( 53%) committed,  2 nodes.
      Class space:        1.00 GB reserved,       8.00 MB ( <1%) committed,  1 nodes.
             Both:        1.12 GB reserved,      75.56 MB (  7%) committed. 

Chunk freelists:
   Non-Class:  12.22 MB
       Class:  8.05 MB
        Both:  20.27 MB

MaxMetaspaceSize: unlimited
CompressedClassSpaceSize: 1.00 GB
Initial GC threshold: 21.00 MB
Current GC threshold: 112.19 MB
CDS: on
 - commit_granule_bytes: 65536.
 - commit_granule_words: 8192.
 - virtual_space_node_default_size: 8388608.
 - enlarge_chunks_in_place: 1.
 - use_allocation_guard: 0.


Internal statistics:

num_allocs_failed_limit: 6.
num_arena_births: 1410.
num_arena_deaths: 22.
num_vsnodes_births: 3.
num_vsnodes_deaths: 0.
num_space_committed: 1209.
num_space_uncommitted: 0.
num_chunks_returned_to_freelist: 32.
num_chunks_taken_from_freelist: 5176.
num_chunk_merges: 16.
num_chunk_splits: 3161.
num_chunks_enlarged: 1800.
num_inconsistent_stats: 0.

CodeHeap 'non-profiled nmethods': size=120000Kb used=21546Kb max_used=21546Kb free=98454Kb
 bounds [0x000001d9f8440000, 0x000001d9f9950000, 0x000001d9ff970000]
CodeHeap 'profiled nmethods': size=120000Kb used=41815Kb max_used=41815Kb free=78184Kb
 bounds [0x000001d9f0970000, 0x000001d9f3250000, 0x000001d9f7ea0000]
CodeHeap 'non-nmethods': size=5760Kb used=1452Kb max_used=1523Kb free=4307Kb
 bounds [0x000001d9f7ea0000, 0x000001d9f8110000, 0x000001d9f8440000]
 total_blobs=18436 nmethods=17686 adapters=653
 compilation: enabled
              stopped_count=0, restarted_count=0
 full_count=0

Compilation events (20 events):
Event: 101.707 Thread 0x000001d9c403be70 20190       4       sun.security.provider.DigestBase::engineUpdate (176 bytes)
Event: 101.711 Thread 0x000001d9cdd14cd0 20175       4       org.lombokweb.asm.ClassReader::readCode (5117 bytes)
Event: 101.727 Thread 0x000001d9c403c510 20196       3       java.util.regex.Matcher::group (65 bytes)
Event: 101.728 Thread 0x000001d9c403c510 nmethod 20196 0x000001d9f3230390 code [0x000001d9f32305c0, 0x000001d9f3230c30]
Event: 101.733 Thread 0x000001d9c403be70 nmethod 20190 0x000001d9f9940910 code [0x000001d9f9940b40, 0x000001d9f99416b0]
Event: 101.734 Thread 0x000001d9c403be70 20193       4       lombok.patcher.Hook::convertType (64 bytes)
Event: 101.736 Thread 0x000001d9c403c510 20197       3       org.eclipse.jdt.internal.compiler.parser.Parser::consumeImportDeclaration (76 bytes)
Event: 101.737 Thread 0x000001d9c403c510 nmethod 20197 0x000001d9f3230e90 code [0x000001d9f3231060, 0x000001d9f32314d8]
Event: 101.737 Thread 0x000001d9c403c510 20201       3       org.eclipse.jdt.internal.compiler.parser.Parser::consumeExitVariableWithoutInitialization (58 bytes)
Event: 101.738 Thread 0x000001d9c403c510 nmethod 20201 0x000001d9f3231690 code [0x000001d9f3231860, 0x000001d9f3231d88]
Event: 101.742 Thread 0x000001d9c403c510 20203       3       java.net.URI::equalIgnoringCase (68 bytes)
Event: 101.743 Thread 0x000001d9c403c510 nmethod 20203 0x000001d9f3231f10 code [0x000001d9f32321e0, 0x000001d9f3233190]
Event: 101.743 Thread 0x000001d9c403c510 20204       3       java.net.URI::equals (223 bytes)
Event: 101.744 Thread 0x000001d9c403c510 nmethod 20204 0x000001d9f3233790 code [0x000001d9f3233a60, 0x000001d9f32346e0]
Event: 101.748 Thread 0x000001d9c403c510 20206   !   3       org.eclipse.jdt.internal.compiler.parser.Parser::parse (397 bytes)
Event: 101.750 Thread 0x000001d9c403c510 nmethod 20206 0x000001d9f3234910 code [0x000001d9f3234cc0, 0x000001d9f3236a28]
Event: 101.753 Thread 0x000001d9c403be70 nmethod 20193 0x000001d9f9941f10 code [0x000001d9f99421c0, 0x000001d9f99430c8]
Event: 101.753 Thread 0x000001d9c403be70 20200 % !   4       org.eclipse.jdt.internal.compiler.parser.Parser::parse @ 52 (922 bytes)
Event: 101.785 Thread 0x000001d9c403c510 20207       3       java.lang.invoke.LambdaForm$MH/0x000001d9830b9400::invoke (38 bytes)
Event: 101.785 Thread 0x000001d9c403c510 nmethod 20207 0x000001d9f3237310 code [0x000001d9f3237500, 0x000001d9f3237bd8]

GC Heap History (20 events):
Event: 97.450 GC heap before
{Heap before GC invocations=2543 (full 4):
 PSYoungGen      total 9216K, used 8681K [0x00000000eab00000, 0x00000000eb500000, 0x0000000100000000)
  eden space 8192K, 100% used [0x00000000eab00000,0x00000000eb300000,0x00000000eb300000)
  from space 1024K, 47% used [0x00000000eb300000,0x00000000eb37a400,0x00000000eb400000)
  to   space 1024K, 0% used [0x00000000eb400000,0x00000000eb400000,0x00000000eb500000)
 ParOldGen       total 444928K, used 444470K [0x00000000c0000000, 0x00000000db280000, 0x00000000eab00000)
  object space 444928K, 99% used [0x00000000c0000000,0x00000000db20da40,0x00000000db280000)
 Metaspace       used 74619K, committed 76480K, reserved 1179648K
  class space    used 7278K, committed 8064K, reserved 1048576K
}
Event: 97.452 GC heap after
{Heap after GC invocations=2543 (full 4):
 PSYoungGen      total 9216K, used 809K [0x00000000eab00000, 0x00000000eb500000, 0x0000000100000000)
  eden space 8192K, 0% used [0x00000000eab00000,0x00000000eab00000,0x00000000eb300000)
  from space 1024K, 79% used [0x00000000eb400000,0x00000000eb4ca738,0x00000000eb500000)
  to   space 1024K, 0% used [0x00000000eb300000,0x00000000eb300000,0x00000000eb400000)
 ParOldGen       total 444928K, used 444703K [0x00000000c0000000, 0x00000000db280000, 0x00000000eab00000)
  object space 444928K, 99% used [0x00000000c0000000,0x00000000db247e40,0x00000000db280000)
 Metaspace       used 74619K, committed 76480K, reserved 1179648K
  class space    used 7278K, committed 8064K, reserved 1048576K
}
Event: 97.465 GC heap before
{Heap before GC invocations=2544 (full 4):
 PSYoungGen      total 9216K, used 9001K [0x00000000eab00000, 0x00000000eb500000, 0x0000000100000000)
  eden space 8192K, 100% used [0x00000000eab00000,0x00000000eb300000,0x00000000eb300000)
  from space 1024K, 79% used [0x00000000eb400000,0x00000000eb4ca738,0x00000000eb500000)
  to   space 1024K, 0% used [0x00000000eb300000,0x00000000eb300000,0x00000000eb400000)
 ParOldGen       total 444928K, used 444703K [0x00000000c0000000, 0x00000000db280000, 0x00000000eab00000)
  object space 444928K, 99% used [0x00000000c0000000,0x00000000db247e40,0x00000000db280000)
 Metaspace       used 74619K, committed 76480K, reserved 1179648K
  class space    used 7278K, committed 8064K, reserved 1048576K
}
Event: 97.476 GC heap after
{Heap after GC invocations=2544 (full 4):
 PSYoungGen      total 9216K, used 288K [0x00000000eab00000, 0x00000000eb480000, 0x0000000100000000)
  eden space 8192K, 0% used [0x00000000eab00000,0x00000000eab00000,0x00000000eb300000)
  from space 1024K, 28% used [0x00000000eb300000,0x00000000eb348000,0x00000000eb400000)
  to   space 512K, 0% used [0x00000000eb400000,0x00000000eb400000,0x00000000eb480000)
 ParOldGen       total 445440K, used 445367K [0x00000000c0000000, 0x00000000db300000, 0x00000000eab00000)
  object space 445440K, 99% used [0x00000000c0000000,0x00000000db2edf28,0x00000000db300000)
 Metaspace       used 74619K, committed 76480K, reserved 1179648K
  class space    used 7278K, committed 8064K, reserved 1048576K
}
Event: 97.500 GC heap before
{Heap before GC invocations=2545 (full 4):
 PSYoungGen      total 9216K, used 8480K [0x00000000eab00000, 0x00000000eb480000, 0x0000000100000000)
  eden space 8192K, 100% used [0x00000000eab00000,0x00000000eb300000,0x00000000eb300000)
  from space 1024K, 28% used [0x00000000eb300000,0x00000000eb348000,0x00000000eb400000)
  to   space 512K, 0% used [0x00000000eb400000,0x00000000eb400000,0x00000000eb480000)
 ParOldGen       total 445440K, used 445367K [0x00000000c0000000, 0x00000000db300000, 0x00000000eab00000)
  object space 445440K, 99% used [0x00000000c0000000,0x00000000db2edf28,0x00000000db300000)
 Metaspace       used 74619K, committed 76480K, reserved 1179648K
  class space    used 7278K, committed 8064K, reserved 1048576K
}
Event: 97.502 GC heap after
{Heap after GC invocations=2545 (full 4):
 PSYoungGen      total 8704K, used 288K [0x00000000eab00000, 0x00000000eb480000, 0x0000000100000000)
  eden space 8192K, 0% used [0x00000000eab00000,0x00000000eab00000,0x00000000eb300000)
  from space 512K, 56% used [0x00000000eb400000,0x00000000eb448000,0x00000000eb480000)
  to   space 512K, 0% used [0x00000000eb380000,0x00000000eb380000,0x00000000eb400000)
 ParOldGen       total 445952K, used 445527K [0x00000000c0000000, 0x00000000db380000, 0x00000000eab00000)
  object space 445952K, 99% used [0x00000000c0000000,0x00000000db315f28,0x00000000db380000)
 Metaspace       used 74619K, committed 76480K, reserved 1179648K
  class space    used 7278K, committed 8064K, reserved 1048576K
}
Event: 97.511 GC heap before
{Heap before GC invocations=2546 (full 4):
 PSYoungGen      total 8704K, used 8480K [0x00000000eab00000, 0x00000000eb480000, 0x0000000100000000)
  eden space 8192K, 100% used [0x00000000eab00000,0x00000000eb300000,0x00000000eb300000)
  from space 512K, 56% used [0x00000000eb400000,0x00000000eb448000,0x00000000eb480000)
  to   space 512K, 0% used [0x00000000eb380000,0x00000000eb380000,0x00000000eb400000)
 ParOldGen       total 445952K, used 445527K [0x00000000c0000000, 0x00000000db380000, 0x00000000eab00000)
  object space 445952K, 99% used [0x00000000c0000000,0x00000000db315f28,0x00000000db380000)
 Metaspace       used 74619K, committed 76480K, reserved 1179648K
  class space    used 7278K, committed 8064K, reserved 1048576K
}
Event: 97.512 GC heap after
{Heap after GC invocations=2546 (full 4):
 PSYoungGen      total 8704K, used 256K [0x00000000eab00000, 0x00000000eb480000, 0x0000000100000000)
  eden space 8192K, 0% used [0x00000000eab00000,0x00000000eab00000,0x00000000eb300000)
  from space 512K, 50% used [0x00000000eb380000,0x00000000eb3c0000,0x00000000eb400000)
  to   space 512K, 0% used [0x00000000eb400000,0x00000000eb400000,0x00000000eb480000)
 ParOldGen       total 445952K, used 445703K [0x00000000c0000000, 0x00000000db380000, 0x00000000eab00000)
  object space 445952K, 99% used [0x00000000c0000000,0x00000000db341f28,0x00000000db380000)
 Metaspace       used 74619K, committed 76480K, reserved 1179648K
  class space    used 7278K, committed 8064K, reserved 1048576K
}
Event: 97.568 GC heap before
{Heap before GC invocations=2547 (full 4):
 PSYoungGen      total 8704K, used 8448K [0x00000000eab00000, 0x00000000eb480000, 0x0000000100000000)
  eden space 8192K, 100% used [0x00000000eab00000,0x00000000eb300000,0x00000000eb300000)
  from space 512K, 50% used [0x00000000eb380000,0x00000000eb3c0000,0x00000000eb400000)
  to   space 512K, 0% used [0x00000000eb400000,0x00000000eb400000,0x00000000eb480000)
 ParOldGen       total 445952K, used 445703K [0x00000000c0000000, 0x00000000db380000, 0x00000000eab00000)
  object space 445952K, 99% used [0x00000000c0000000,0x00000000db341f28,0x00000000db380000)
 Metaspace       used 74654K, committed 76480K, reserved 1179648K
  class space    used 7278K, committed 8064K, reserved 1048576K
}
Event: 97.570 GC heap after
{Heap after GC invocations=2547 (full 4):
 PSYoungGen      total 8704K, used 288K [0x00000000eab00000, 0x00000000eb480000, 0x0000000100000000)
  eden space 8192K, 0% used [0x00000000eab00000,0x00000000eab00000,0x00000000eb300000)
  from space 512K, 56% used [0x00000000eb400000,0x00000000eb448000,0x00000000eb480000)
  to   space 512K, 0% used [0x00000000eb380000,0x00000000eb380000,0x00000000eb400000)
 ParOldGen       total 445952K, used 445895K [0x00000000c0000000, 0x00000000db380000, 0x00000000eab00000)
  object space 445952K, 99% used [0x00000000c0000000,0x00000000db371f28,0x00000000db380000)
 Metaspace       used 74654K, committed 76480K, reserved 1179648K
  class space    used 7278K, committed 8064K, reserved 1048576K
}
Event: 97.645 GC heap before
{Heap before GC invocations=2548 (full 4):
 PSYoungGen      total 8704K, used 8480K [0x00000000eab00000, 0x00000000eb480000, 0x0000000100000000)
  eden space 8192K, 100% used [0x00000000eab00000,0x00000000eb300000,0x00000000eb300000)
  from space 512K, 56% used [0x00000000eb400000,0x00000000eb448000,0x00000000eb480000)
  to   space 512K, 0% used [0x00000000eb380000,0x00000000eb380000,0x00000000eb400000)
 ParOldGen       total 445952K, used 445895K [0x00000000c0000000, 0x00000000db380000, 0x00000000eab00000)
  object space 445952K, 99% used [0x00000000c0000000,0x00000000db371f28,0x00000000db380000)
 Metaspace       used 74667K, committed 76544K, reserved 1179648K
  class space    used 7278K, committed 8064K, reserved 1048576K
}
Event: 97.648 GC heap after
{Heap after GC invocations=2548 (full 4):
 PSYoungGen      total 8704K, used 496K [0x00000000eab00000, 0x00000000eb800000, 0x0000000100000000)
  eden space 8192K, 0% used [0x00000000eab00000,0x00000000eab00000,0x00000000eb300000)
  from space 512K, 96% used [0x00000000eb380000,0x00000000eb3fc020,0x00000000eb400000)
  to   space 2560K, 0% used [0x00000000eb580000,0x00000000eb580000,0x00000000eb800000)
 ParOldGen       total 448000K, used 447535K [0x00000000c0000000, 0x00000000db580000, 0x00000000eab00000)
  object space 448000K, 99% used [0x00000000c0000000,0x00000000db50bf28,0x00000000db580000)
 Metaspace       used 74667K, committed 76544K, reserved 1179648K
  class space    used 7278K, committed 8064K, reserved 1048576K
}
Event: 98.158 GC heap before
{Heap before GC invocations=2549 (full 4):
 PSYoungGen      total 8704K, used 8688K [0x00000000eab00000, 0x00000000eb800000, 0x0000000100000000)
  eden space 8192K, 100% used [0x00000000eab00000,0x00000000eb300000,0x00000000eb300000)
  from space 512K, 96% used [0x00000000eb380000,0x00000000eb3fc020,0x00000000eb400000)
  to   space 2560K, 0% used [0x00000000eb580000,0x00000000eb580000,0x00000000eb800000)
 ParOldGen       total 448000K, used 447535K [0x00000000c0000000, 0x00000000db580000, 0x00000000eab00000)
  object space 448000K, 99% used [0x00000000c0000000,0x00000000db50bf28,0x00000000db580000)
 Metaspace       used 74684K, committed 76544K, reserved 1179648K
  class space    used 7278K, committed 8064K, reserved 1048576K
}
Event: 98.160 GC heap after
{Heap after GC invocations=2549 (full 4):
 PSYoungGen      total 8704K, used 192K [0x00000000eab00000, 0x00000000eb600000, 0x0000000100000000)
  eden space 8192K, 0% used [0x00000000eab00000,0x00000000eab00000,0x00000000eb300000)
  from space 512K, 37% used [0x00000000eb580000,0x00000000eb5b0000,0x00000000eb600000)
  to   space 1024K, 0% used [0x00000000eb400000,0x00000000eb400000,0x00000000eb500000)
 ParOldGen       total 448000K, used 447799K [0x00000000c0000000, 0x00000000db580000, 0x00000000eab00000)
  object space 448000K, 99% used [0x00000000c0000000,0x00000000db54df28,0x00000000db580000)
 Metaspace       used 74684K, committed 76544K, reserved 1179648K
  class space    used 7278K, committed 8064K, reserved 1048576K
}
Event: 98.615 GC heap before
{Heap before GC invocations=2550 (full 4):
 PSYoungGen      total 8704K, used 8384K [0x00000000eab00000, 0x00000000eb600000, 0x0000000100000000)
  eden space 8192K, 100% used [0x00000000eab00000,0x00000000eb300000,0x00000000eb300000)
  from space 512K, 37% used [0x00000000eb580000,0x00000000eb5b0000,0x00000000eb600000)
  to   space 1024K, 0% used [0x00000000eb400000,0x00000000eb400000,0x00000000eb500000)
 ParOldGen       total 448000K, used 447799K [0x00000000c0000000, 0x00000000db580000, 0x00000000eab00000)
  object space 448000K, 99% used [0x00000000c0000000,0x00000000db54df28,0x00000000db580000)
 Metaspace       used 74702K, committed 76544K, reserved 1179648K
  class space    used 7278K, committed 8064K, reserved 1048576K
}
Event: 98.637 GC heap after
{Heap after GC invocations=2550 (full 4):
 PSYoungGen      total 9216K, used 992K [0x00000000eab00000, 0x00000000eb800000, 0x0000000100000000)
  eden space 8192K, 0% used [0x00000000eab00000,0x00000000eab00000,0x00000000eb300000)
  from space 1024K, 96% used [0x00000000eb400000,0x00000000eb4f8010,0x00000000eb500000)
  to   space 2560K, 0% used [0x00000000eb580000,0x00000000eb580000,0x00000000eb800000)
 ParOldGen       total 449024K, used 448751K [0x00000000c0000000, 0x00000000db680000, 0x00000000eab00000)
  object space 449024K, 99% used [0x00000000c0000000,0x00000000db63bf28,0x00000000db680000)
 Metaspace       used 74702K, committed 76544K, reserved 1179648K
  class space    used 7278K, committed 8064K, reserved 1048576K
}
Event: 99.192 GC heap before
{Heap before GC invocations=2551 (full 4):
 PSYoungGen      total 9216K, used 9184K [0x00000000eab00000, 0x00000000eb800000, 0x0000000100000000)
  eden space 8192K, 100% used [0x00000000eab00000,0x00000000eb300000,0x00000000eb300000)
  from space 1024K, 96% used [0x00000000eb400000,0x00000000eb4f8010,0x00000000eb500000)
  to   space 2560K, 0% used [0x00000000eb580000,0x00000000eb580000,0x00000000eb800000)
 ParOldGen       total 449024K, used 448751K [0x00000000c0000000, 0x00000000db680000, 0x00000000eab00000)
  object space 449024K, 99% used [0x00000000c0000000,0x00000000db63bf28,0x00000000db680000)
 Metaspace       used 74705K, committed 76544K, reserved 1179648K
  class space    used 7278K, committed 8064K, reserved 1048576K
}
Event: 100.196 GC heap after
{Heap after GC invocations=2551 (full 4):
 PSYoungGen      total 11264K, used 96K [0x00000000eab00000, 0x00000000eb700000, 0x0000000100000000)
  eden space 9728K, 0% used [0x00000000eab00000,0x00000000eab00000,0x00000000eb480000)
  from space 1536K, 6% used [0x00000000eb580000,0x00000000eb598000,0x00000000eb700000)
  to   space 1024K, 0% used [0x00000000eb480000,0x00000000eb480000,0x00000000eb580000)
 ParOldGen       total 449536K, used 449071K [0x00000000c0000000, 0x00000000db700000, 0x00000000eab00000)
  object space 449536K, 99% used [0x00000000c0000000,0x00000000db68bf28,0x00000000db700000)
 Metaspace       used 74705K, committed 76544K, reserved 1179648K
  class space    used 7278K, committed 8064K, reserved 1048576K
}
Event: 101.648 GC heap before
{Heap before GC invocations=2552 (full 4):
 PSYoungGen      total 11264K, used 9824K [0x00000000eab00000, 0x00000000eb700000, 0x0000000100000000)
  eden space 9728K, 100% used [0x00000000eab00000,0x00000000eb480000,0x00000000eb480000)
  from space 1536K, 6% used [0x00000000eb580000,0x00000000eb598000,0x00000000eb700000)
  to   space 1024K, 0% used [0x00000000eb480000,0x00000000eb480000,0x00000000eb580000)
 ParOldGen       total 449536K, used 449071K [0x00000000c0000000, 0x00000000db700000, 0x00000000eab00000)
  object space 449536K, 99% used [0x00000000c0000000,0x00000000db68bf28,0x00000000db700000)
 Metaspace       used 74909K, committed 76800K, reserved 1179648K
  class space    used 7297K, committed 8064K, reserved 1048576K
}
Event: 101.651 GC heap after
{Heap after GC invocations=2552 (full 4):
 PSYoungGen      total 10752K, used 708K [0x00000000eab00000, 0x00000000eb680000, 0x0000000100000000)
  eden space 9728K, 0% used [0x00000000eab00000,0x00000000eab00000,0x00000000eb480000)
  from space 1024K, 69% used [0x00000000eb480000,0x00000000eb5311b8,0x00000000eb580000)
  to   space 1024K, 0% used [0x00000000eb580000,0x00000000eb580000,0x00000000eb680000)
 ParOldGen       total 449536K, used 449087K [0x00000000c0000000, 0x00000000db700000, 0x00000000eab00000)
  object space 449536K, 99% used [0x00000000c0000000,0x00000000db68ff28,0x00000000db700000)
 Metaspace       used 74909K, committed 76800K, reserved 1179648K
  class space    used 7297K, committed 8064K, reserved 1048576K
}

Dll operation events (10 events):
Event: 0.009 Loaded shared library c:\Users\santy\.vscode\extensions\redhat.java-1.42.0-win32-x64\jre\21.0.7-win32-x86_64\bin\java.dll
Event: 0.086 Loaded shared library c:\Users\santy\.vscode\extensions\redhat.java-1.42.0-win32-x64\jre\21.0.7-win32-x86_64\bin\zip.dll
Event: 0.110 Loaded shared library C:\Users\santy\.vscode\extensions\redhat.java-1.42.0-win32-x64\jre\21.0.7-win32-x86_64\bin\instrument.dll
Event: 0.115 Loaded shared library C:\Users\santy\.vscode\extensions\redhat.java-1.42.0-win32-x64\jre\21.0.7-win32-x86_64\bin\net.dll
Event: 0.118 Loaded shared library C:\Users\santy\.vscode\extensions\redhat.java-1.42.0-win32-x64\jre\21.0.7-win32-x86_64\bin\nio.dll
Event: 0.121 Loaded shared library C:\Users\santy\.vscode\extensions\redhat.java-1.42.0-win32-x64\jre\21.0.7-win32-x86_64\bin\zip.dll
Event: 0.143 Loaded shared library C:\Users\santy\.vscode\extensions\redhat.java-1.42.0-win32-x64\jre\21.0.7-win32-x86_64\bin\jimage.dll
Event: 0.227 Loaded shared library c:\Users\santy\.vscode\extensions\redhat.java-1.42.0-win32-x64\jre\21.0.7-win32-x86_64\bin\verify.dll
Event: 5.422 Loaded shared library C:\Users\santy\AppData\Roaming\Code\User\globalStorage\redhat.java\1.42.0\config_win\org.eclipse.equinox.launcher\org.eclipse.equinox.launcher.win32.win32.x86_64_1.2.1300.v20250331-1702\eclipse_11911.dll
Event: 16.676 Loaded shared library C:\Users\santy\AppData\Local\Temp\jna-109204069\jna7606412240489037720.dll

Deoptimization events (20 events):
Event: 101.736 Thread 0x000001d9cc630610 Uncommon trap: trap_request=0xffffffde fr.pc=0x000001d9f959fc90 relative=0x00000000000004b0
Event: 101.736 Thread 0x000001d9cc630610 Uncommon trap: reason=class_check action=maybe_recompile pc=0x000001d9f959fc90 method=org.eclipse.jdt.internal.compiler.ast.CompilationUnitDeclaration.getMainTypeName()[C @ 79 c2
Event: 101.736 Thread 0x000001d9cc630610 DEOPT PACKING pc=0x000001d9f959fc90 sp=0x0000002f1f9fe9e0
Event: 101.736 Thread 0x000001d9cc630610 DEOPT UNPACKING pc=0x000001d9f7ef6da2 sp=0x0000002f1f9fe990 mode 2
Event: 101.736 Thread 0x000001d9cc630610 Uncommon trap: trap_request=0xffffffde fr.pc=0x000001d9f959fc90 relative=0x00000000000004b0
Event: 101.736 Thread 0x000001d9cc630610 Uncommon trap: reason=class_check action=maybe_recompile pc=0x000001d9f959fc90 method=org.eclipse.jdt.internal.compiler.ast.CompilationUnitDeclaration.getMainTypeName()[C @ 79 c2
Event: 101.736 Thread 0x000001d9cc630610 DEOPT PACKING pc=0x000001d9f959fc90 sp=0x0000002f1f9fe8f0
Event: 101.736 Thread 0x000001d9cc630610 DEOPT UNPACKING pc=0x000001d9f7ef6da2 sp=0x0000002f1f9fe8a8 mode 2
Event: 101.736 Thread 0x000001d9cc630610 Uncommon trap: trap_request=0xffffffde fr.pc=0x000001d9f959fc90 relative=0x00000000000004b0
Event: 101.736 Thread 0x000001d9cc630610 Uncommon trap: reason=class_check action=maybe_recompile pc=0x000001d9f959fc90 method=org.eclipse.jdt.internal.compiler.ast.CompilationUnitDeclaration.getMainTypeName()[C @ 79 c2
Event: 101.737 Thread 0x000001d9cc630610 DEOPT PACKING pc=0x000001d9f959fc90 sp=0x0000002f1f9fe9d0
Event: 101.737 Thread 0x000001d9cc630610 DEOPT UNPACKING pc=0x000001d9f7ef6da2 sp=0x0000002f1f9fe980 mode 2
Event: 101.737 Thread 0x000001d9cc630610 Uncommon trap: trap_request=0xffffffde fr.pc=0x000001d9f959fc90 relative=0x00000000000004b0
Event: 101.737 Thread 0x000001d9cc630610 Uncommon trap: reason=class_check action=maybe_recompile pc=0x000001d9f959fc90 method=org.eclipse.jdt.internal.compiler.ast.CompilationUnitDeclaration.getMainTypeName()[C @ 79 c2
Event: 101.737 Thread 0x000001d9cc630610 DEOPT PACKING pc=0x000001d9f959fc90 sp=0x0000002f1f9fe990
Event: 101.737 Thread 0x000001d9cc630610 DEOPT UNPACKING pc=0x000001d9f7ef6da2 sp=0x0000002f1f9fe940 mode 2
Event: 101.743 Thread 0x000001d9cc630610 Uncommon trap: trap_request=0xfffffff4 fr.pc=0x000001d9f901a890 relative=0x0000000000000bb0
Event: 101.743 Thread 0x000001d9cc630610 Uncommon trap: reason=null_check action=make_not_entrant pc=0x000001d9f901a890 method=java.util.AbstractMap.equals(Ljava/lang/Object;)Z @ 8 c2
Event: 101.743 Thread 0x000001d9cc630610 DEOPT PACKING pc=0x000001d9f901a890 sp=0x0000002f1f9fdca0
Event: 101.743 Thread 0x000001d9cc630610 DEOPT UNPACKING pc=0x000001d9f7ef6da2 sp=0x0000002f1f9fdc78 mode 2

Classes loaded (20 events):
Event: 94.012 Loading class java/util/TreeMap$TreeMapSpliterator done
Event: 94.012 Loading class java/util/TreeMap$ValueSpliterator done
Event: 94.048 Loading class java/util/concurrent/CompletionException
Event: 94.050 Loading class java/util/concurrent/CompletionException done
Event: 94.059 Loading class java/nio/file/FileTreeWalker$1
Event: 94.061 Loading class java/nio/file/FileTreeWalker$1 done
Event: 94.062 Loading class sun/nio/fs/Globs
Event: 94.064 Loading class sun/nio/fs/Globs done
Event: 94.065 Loading class java/util/regex/Pattern$SliceU
Event: 94.067 Loading class java/util/regex/Pattern$SliceU done
Event: 94.067 Loading class sun/nio/fs/WindowsFileSystem$2
Event: 94.067 Loading class java/nio/file/PathMatcher
Event: 94.067 Loading class java/nio/file/PathMatcher done
Event: 94.067 Loading class sun/nio/fs/WindowsFileSystem$2 done
Event: 94.556 Loading class java/util/Collections$SynchronizedRandomAccessList
Event: 94.556 Loading class java/util/Collections$SynchronizedList
Event: 94.561 Loading class java/util/Collections$SynchronizedList done
Event: 94.561 Loading class java/util/Collections$SynchronizedRandomAccessList done
Event: 94.735 Loading class java/util/Hashtable$KeySet
Event: 94.735 Loading class java/util/Hashtable$KeySet done

Classes unloaded (11 events):
Event: 17.578 Thread 0x000001d9ffb540a0 Unloading class 0x000001d9831a3c00 'java/lang/invoke/LambdaForm$MH+0x000001d9831a3c00'
Event: 17.578 Thread 0x000001d9ffb540a0 Unloading class 0x000001d9831a3800 'java/lang/invoke/LambdaForm$MH+0x000001d9831a3800'
Event: 17.578 Thread 0x000001d9ffb540a0 Unloading class 0x000001d9831a3400 'java/lang/invoke/LambdaForm$MH+0x000001d9831a3400'
Event: 17.578 Thread 0x000001d9ffb540a0 Unloading class 0x000001d9831a3000 'java/lang/invoke/LambdaForm$MH+0x000001d9831a3000'
Event: 17.578 Thread 0x000001d9ffb540a0 Unloading class 0x000001d9831a2c00 'java/lang/invoke/LambdaForm$BMH+0x000001d9831a2c00'
Event: 17.578 Thread 0x000001d9ffb540a0 Unloading class 0x000001d9831a2800 'java/lang/invoke/LambdaForm$DMH+0x000001d9831a2800'
Event: 17.578 Thread 0x000001d9ffb540a0 Unloading class 0x000001d9831a1400 'java/lang/invoke/LambdaForm$DMH+0x000001d9831a1400'
Event: 71.866 Thread 0x000001d9ffb540a0 Unloading class 0x000001d98366cc00 'java/lang/invoke/LambdaForm$DMH+0x000001d98366cc00'
Event: 71.866 Thread 0x000001d9ffb540a0 Unloading class 0x000001d98366d400 'java/lang/invoke/LambdaForm$DMH+0x000001d98366d400'
Event: 71.866 Thread 0x000001d9ffb540a0 Unloading class 0x000001d98366d000 'java/lang/invoke/LambdaForm$DMH+0x000001d98366d000'
Event: 71.866 Thread 0x000001d9ffb540a0 Unloading class 0x000001d98366c400 'java/lang/invoke/LambdaForm$DMH+0x000001d98366c400'

Classes redefined (0 events):
No events

Internal exceptions (20 events):
Event: 101.603 Thread 0x000001d9cb85e380 Exception <a 'java/io/FileNotFoundException'{0x00000000eb2c3900}> (0x00000000eb2c3900) 
thrown [s\src\hotspot\share\prims\jni.cpp, line 520]
Event: 101.603 Thread 0x000001d9d6595370 Exception <a 'java/io/FileNotFoundException'{0x00000000eb264e48}> (0x00000000eb264e48) 
thrown [s\src\hotspot\share\prims\jni.cpp, line 520]
Event: 101.603 Thread 0x000001d9d6596090 Exception <a 'java/io/FileNotFoundException'{0x00000000eb27c830}> (0x00000000eb27c830) 
thrown [s\src\hotspot\share\prims\jni.cpp, line 520]
Event: 101.603 Thread 0x000001d9d6594650 Exception <a 'java/io/FileNotFoundException'{0x00000000eb159988}> (0x00000000eb159988) 
thrown [s\src\hotspot\share\prims\jni.cpp, line 520]
Event: 101.603 Thread 0x000001d9d6598160 Exception <a 'java/io/FileNotFoundException'{0x00000000eb291e88}> (0x00000000eb291e88) 
thrown [s\src\hotspot\share\prims\jni.cpp, line 520]
Event: 101.603 Thread 0x000001d9d6597440 Exception <a 'java/io/FileNotFoundException'{0x00000000eb13aac0}> (0x00000000eb13aac0) 
thrown [s\src\hotspot\share\prims\jni.cpp, line 520]
Event: 101.603 Thread 0x000001d9cb861e90 Exception <a 'java/io/FileNotFoundException'{0x00000000eb2aa4b0}> (0x00000000eb2aa4b0) 
thrown [s\src\hotspot\share\prims\jni.cpp, line 520]
Event: 101.603 Thread 0x000001d9d6595a00 Exception <a 'java/io/FileNotFoundException'{0x00000000eb109048}> (0x00000000eb109048) 
thrown [s\src\hotspot\share\prims\jni.cpp, line 520]
Event: 101.603 Thread 0x000001d9d6594ce0 Exception <a 'java/io/FileNotFoundException'{0x00000000eb2daf40}> (0x00000000eb2daf40) 
thrown [s\src\hotspot\share\prims\jni.cpp, line 520]
Event: 101.603 Thread 0x000001d9d6596db0 Exception <a 'java/io/FileNotFoundException'{0x00000000eb2f4d28}> (0x00000000eb2f4d28) 
thrown [s\src\hotspot\share\prims\jni.cpp, line 520]
Event: 101.603 Thread 0x000001d9d6596720 Exception <a 'java/io/FileNotFoundException'{0x00000000eb24bc38}> (0x00000000eb24bc38) 
thrown [s\src\hotspot\share\prims\jni.cpp, line 520]
Event: 101.603 Thread 0x000001d9cb85e380 Exception <a 'java/io/FileNotFoundException'{0x00000000eb2c4a08}> (0x00000000eb2c4a08) 
thrown [s\src\hotspot\share\prims\jni.cpp, line 520]
Event: 101.603 Thread 0x000001d9d6596090 Exception <a 'java/io/FileNotFoundException'{0x00000000eb27d938}> (0x00000000eb27d938) 
thrown [s\src\hotspot\share\prims\jni.cpp, line 520]
Event: 101.603 Thread 0x000001d9d6595370 Exception <a 'java/io/FileNotFoundException'{0x00000000eb265f50}> (0x00000000eb265f50) 
thrown [s\src\hotspot\share\prims\jni.cpp, line 520]
Event: 101.603 Thread 0x000001d9d6594650 Exception <a 'java/io/FileNotFoundException'{0x00000000eb30c028}> (0x00000000eb30c028) 
thrown [s\src\hotspot\share\prims\jni.cpp, line 520]
Event: 101.604 Thread 0x000001d9cc636f10 Exception <a 'java/io/IOException'{0x00000000eb324278}> (0x00000000eb324278) 
thrown [s\src\hotspot\share\prims\jni.cpp, line 520]
Event: 101.606 Thread 0x000001d9cc636f10 Exception <a 'java/io/IOException'{0x00000000eb331ba8}> (0x00000000eb331ba8) 
thrown [s\src\hotspot\share\prims\jni.cpp, line 520]
Event: 101.642 Thread 0x000001d9cc636f10 Exception <a 'sun/nio/fs/WindowsException'{0x00000000eb3a1b00}> (0x00000000eb3a1b00) 
thrown [s\src\hotspot\share\prims\jni.cpp, line 520]
Event: 101.645 Thread 0x000001d9cc636f10 Exception <a 'sun/nio/fs/WindowsException'{0x00000000eb3d9c48}> (0x00000000eb3d9c48) 
thrown [s\src\hotspot\share\prims\jni.cpp, line 520]
Event: 101.743 Thread 0x000001d9cc630610 Implicit null exception at 0x000001d9f9019d31 to 0x000001d9f901a87c

ZGC Phase Switch (0 events):
No events

VM Operations (20 events):
Event: 101.205 Executing VM operation: Cleanup
Event: 101.546 Executing VM operation: Cleanup done
Event: 101.616 Executing VM operation: HandshakeAllThreads (Deoptimize)
Event: 101.616 Executing VM operation: HandshakeAllThreads (Deoptimize) done
Event: 101.623 Executing VM operation: HandshakeAllThreads (Deoptimize)
Event: 101.623 Executing VM operation: HandshakeAllThreads (Deoptimize) done
Event: 101.629 Executing VM operation: HandshakeAllThreads (Deoptimize)
Event: 101.629 Executing VM operation: HandshakeAllThreads (Deoptimize) done
Event: 101.648 Executing VM operation: ParallelGCFailedAllocation (Allocation Failure)
Event: 101.651 Executing VM operation: ParallelGCFailedAllocation (Allocation Failure) done
Event: 101.679 Executing VM operation: HandshakeAllThreads (Deoptimize)
Event: 101.679 Executing VM operation: HandshakeAllThreads (Deoptimize) done
Event: 101.702 Executing VM operation: HandshakeAllThreads (Deoptimize)
Event: 101.702 Executing VM operation: HandshakeAllThreads (Deoptimize) done
Event: 101.714 Executing VM operation: HandshakeAllThreads (Deoptimize)
Event: 101.714 Executing VM operation: HandshakeAllThreads (Deoptimize) done
Event: 101.751 Executing VM operation: HandshakeAllThreads (Deoptimize)
Event: 101.752 Executing VM operation: HandshakeAllThreads (Deoptimize) done
Event: 102.759 Executing VM operation: Cleanup
Event: 102.759 Executing VM operation: Cleanup done

Memory protections (0 events):
No events

Nmethod flushes (20 events):
Event: 71.930 Thread 0x000001d9ffb540a0 flushing  nmethod 0x000001d9f1ba5b90
Event: 71.930 Thread 0x000001d9ffb540a0 flushing  nmethod 0x000001d9f1ba6910
Event: 71.930 Thread 0x000001d9ffb540a0 flushing  nmethod 0x000001d9f1baa690
Event: 71.930 Thread 0x000001d9ffb540a0 flushing  nmethod 0x000001d9f1babd90
Event: 71.930 Thread 0x000001d9ffb540a0 flushing  nmethod 0x000001d9f1bb8b10
Event: 71.930 Thread 0x000001d9ffb540a0 flushing  nmethod 0x000001d9f1bbf610
Event: 71.930 Thread 0x000001d9ffb540a0 flushing  nmethod 0x000001d9f1bda590
Event: 71.930 Thread 0x000001d9ffb540a0 flushing  nmethod 0x000001d9f1bebd10
Event: 71.930 Thread 0x000001d9ffb540a0 flushing  nmethod 0x000001d9f1c01090
Event: 71.930 Thread 0x000001d9ffb540a0 flushing  nmethod 0x000001d9f1c2ca90
Event: 71.930 Thread 0x000001d9ffb540a0 flushing  nmethod 0x000001d9f1c2d390
Event: 71.930 Thread 0x000001d9ffb540a0 flushing  nmethod 0x000001d9f1c3c590
Event: 71.930 Thread 0x000001d9ffb540a0 flushing  nmethod 0x000001d9f1c51110
Event: 71.930 Thread 0x000001d9ffb540a0 flushing  nmethod 0x000001d9f1c68c90
Event: 71.930 Thread 0x000001d9ffb540a0 flushing  nmethod 0x000001d9f1c90d10
Event: 71.930 Thread 0x000001d9ffb540a0 flushing  nmethod 0x000001d9f1c9a290
Event: 71.930 Thread 0x000001d9ffb540a0 flushing  nmethod 0x000001d9f1c9b490
Event: 71.930 Thread 0x000001d9ffb540a0 flushing  nmethod 0x000001d9f1c9b810
Event: 71.930 Thread 0x000001d9ffb540a0 flushing  nmethod 0x000001d9f1c9bb90
Event: 71.930 Thread 0x000001d9ffb540a0 flushing  nmethod 0x000001d9f1c9c310

Events (20 events):
Event: 92.813 Thread 0x000001d9d6591ef0 Thread exited: 0x000001d9d6591ef0
Event: 93.870 Thread 0x000001d9c403c510 Thread added: 0x000001d9cdd14600
Event: 94.516 Thread 0x000001d9cdd14600 Thread exited: 0x000001d9cdd14600
Event: 94.606 Thread 0x000001d9c403c510 Thread added: 0x000001d9cdd14600
Event: 94.808 Thread 0x000001d9cc630610 Thread added: 0x000001d9d6594650
Event: 95.314 Thread 0x000001d9cdd14600 Thread exited: 0x000001d9cdd14600
Event: 100.201 Thread 0x000001d9d6594650 Thread exited: 0x000001d9d6594650
Event: 101.588 Thread 0x000001d9cc636f10 Thread added: 0x000001d9d6595a00
Event: 101.588 Thread 0x000001d9cc636f10 Thread added: 0x000001d9d6596720
Event: 101.589 Thread 0x000001d9d6595a00 Thread added: 0x000001d9d6597440
Event: 101.589 Thread 0x000001d9cc636f10 Thread added: 0x000001d9d6594650
Event: 101.590 Thread 0x000001d9d6596720 Thread added: 0x000001d9d6596090
Event: 101.590 Thread 0x000001d9d6597440 Thread added: 0x000001d9d6598160
Event: 101.592 Thread 0x000001d9d6594650 Thread added: 0x000001d9d6595370
Event: 101.592 Thread 0x000001d9d6596090 Thread added: 0x000001d9d6594ce0
Event: 101.592 Thread 0x000001d9d6598160 Thread added: 0x000001d9d6596db0
Event: 101.593 Thread 0x000001d9d6594ce0 Thread added: 0x000001d9cb85e380
Event: 101.593 Thread 0x000001d9d6595370 Thread added: 0x000001d9cb861e90
Event: 101.667 Thread 0x000001d9c403c510 Thread added: 0x000001d9cdd16140
Event: 101.676 Thread 0x000001d9c403c510 Thread added: 0x000001d9cdd14cd0


Dynamic libraries:
0x00007ff7143c0000 - 0x00007ff7143ce000 	c:\Users\santy\.vscode\extensions\redhat.java-1.42.0-win32-x64\jre\21.0.7-win32-x86_64\bin\java.exe
0x00007ff941820000 - 0x00007ff941a86000 	C:\WINDOWS\SYSTEM32\ntdll.dll
0x00007ff940370000 - 0x00007ff940439000 	C:\WINDOWS\System32\KERNEL32.DLL
0x00007ff93ed20000 - 0x00007ff93f0ec000 	C:\WINDOWS\System32\KERNELBASE.dll
0x00007ff93e9b0000 - 0x00007ff93eafb000 	C:\WINDOWS\System32\ucrtbase.dll
0x00007ff937840000 - 0x00007ff93785e000 	c:\Users\santy\.vscode\extensions\redhat.java-1.42.0-win32-x64\jre\21.0.7-win32-x86_64\bin\VCRUNTIME140.dll
0x00007ff9377c0000 - 0x00007ff9377d8000 	c:\Users\santy\.vscode\extensions\redhat.java-1.42.0-win32-x64\jre\21.0.7-win32-x86_64\bin\jli.dll
0x00007ff9415f0000 - 0x00007ff9417ba000 	C:\WINDOWS\System32\USER32.dll
0x00007ff93f300000 - 0x00007ff93f327000 	C:\WINDOWS\System32\win32u.dll
0x00007ff91e150000 - 0x00007ff91e3ea000 	C:\WINDOWS\WinSxS\amd64_microsoft.windows.common-controls_6595b64144ccf1df_6.0.26100.3912_none_3e07963ce335137e\COMCTL32.dll
0x00007ff940290000 - 0x00007ff9402bb000 	C:\WINDOWS\System32\GDI32.dll
0x00007ff93f4a0000 - 0x00007ff93f5d2000 	C:\WINDOWS\System32\gdi32full.dll
0x00007ff9402c0000 - 0x00007ff940369000 	C:\WINDOWS\System32\msvcrt.dll
0x00007ff93f330000 - 0x00007ff93f3d3000 	C:\WINDOWS\System32\msvcp_win.dll
0x00007ff940680000 - 0x00007ff9406b0000 	C:\WINDOWS\System32\IMM32.DLL
0x00007ff9372c0000 - 0x00007ff9372cc000 	c:\Users\santy\.vscode\extensions\redhat.java-1.42.0-win32-x64\jre\21.0.7-win32-x86_64\bin\vcruntime140_1.dll
0x00007ff90ddc0000 - 0x00007ff90de4d000 	c:\Users\santy\.vscode\extensions\redhat.java-1.42.0-win32-x64\jre\21.0.7-win32-x86_64\bin\msvcp140.dll
0x00007ff893d60000 - 0x00007ff894af0000 	c:\Users\santy\.vscode\extensions\redhat.java-1.42.0-win32-x64\jre\21.0.7-win32-x86_64\bin\server\jvm.dll
0x00007ff9401d0000 - 0x00007ff940282000 	C:\WINDOWS\System32\ADVAPI32.dll
0x00007ff9405d0000 - 0x00007ff940676000 	C:\WINDOWS\System32\sechost.dll
0x00007ff93ffb0000 - 0x00007ff9400c6000 	C:\WINDOWS\System32\RPCRT4.dll
0x00007ff940cf0000 - 0x00007ff940d64000 	C:\WINDOWS\System32\WS2_32.dll
0x00007ff93d700000 - 0x00007ff93d75e000 	C:\WINDOWS\SYSTEM32\POWRPROF.dll
0x00007ff937550000 - 0x00007ff93755b000 	C:\WINDOWS\SYSTEM32\VERSION.dll
0x00007ff931cd0000 - 0x00007ff931d06000 	C:\WINDOWS\SYSTEM32\WINMM.dll
0x00007ff93d610000 - 0x00007ff93d624000 	C:\WINDOWS\SYSTEM32\UMPDC.dll
0x00007ff93d860000 - 0x00007ff93d87a000 	C:\WINDOWS\SYSTEM32\kernel.appcore.dll
0x00007ff91e9b0000 - 0x00007ff91e9ba000 	c:\Users\santy\.vscode\extensions\redhat.java-1.42.0-win32-x64\jre\21.0.7-win32-x86_64\bin\jimage.dll
0x00007ff93baf0000 - 0x00007ff93bd31000 	C:\WINDOWS\SYSTEM32\DBGHELP.DLL
0x00007ff9406c0000 - 0x00007ff940a44000 	C:\WINDOWS\System32\combase.dll
0x00007ff940440000 - 0x00007ff940520000 	C:\WINDOWS\System32\OLEAUT32.dll
0x00007ff91a3c0000 - 0x00007ff91a3f9000 	C:\WINDOWS\SYSTEM32\dbgcore.DLL
0x00007ff93ec80000 - 0x00007ff93ed19000 	C:\WINDOWS\System32\bcryptPrimitives.dll
0x00007ff91e9a0000 - 0x00007ff91e9af000 	c:\Users\santy\.vscode\extensions\redhat.java-1.42.0-win32-x64\jre\21.0.7-win32-x86_64\bin\instrument.dll
0x00007ff914a00000 - 0x00007ff914a1f000 	c:\Users\santy\.vscode\extensions\redhat.java-1.42.0-win32-x64\jre\21.0.7-win32-x86_64\bin\java.dll
0x00007ff940dc0000 - 0x00007ff9414ed000 	C:\WINDOWS\System32\SHELL32.dll
0x00007ff93f180000 - 0x00007ff93f2f4000 	C:\WINDOWS\System32\wintypes.dll
0x00007ff93c600000 - 0x00007ff93ce56000 	C:\WINDOWS\SYSTEM32\windows.storage.dll
0x00007ff9414f0000 - 0x00007ff9415df000 	C:\WINDOWS\System32\SHCORE.dll
0x00007ff9400d0000 - 0x00007ff940139000 	C:\WINDOWS\System32\shlwapi.dll
0x00007ff93e8c0000 - 0x00007ff93e8ef000 	C:\WINDOWS\SYSTEM32\profapi.dll
0x00007ff914140000 - 0x00007ff914158000 	c:\Users\santy\.vscode\extensions\redhat.java-1.42.0-win32-x64\jre\21.0.7-win32-x86_64\bin\zip.dll
0x00007ff91de00000 - 0x00007ff91de10000 	C:\Users\santy\.vscode\extensions\redhat.java-1.42.0-win32-x64\jre\21.0.7-win32-x86_64\bin\net.dll
0x00007ff936fb0000 - 0x00007ff9370ce000 	C:\WINDOWS\SYSTEM32\WINHTTP.dll
0x00007ff93dde0000 - 0x00007ff93de4a000 	C:\WINDOWS\system32\mswsock.dll
0x00007ff914640000 - 0x00007ff914656000 	C:\Users\santy\.vscode\extensions\redhat.java-1.42.0-win32-x64\jre\21.0.7-win32-x86_64\bin\nio.dll
0x00007ff916dd0000 - 0x00007ff916de0000 	c:\Users\santy\.vscode\extensions\redhat.java-1.42.0-win32-x64\jre\21.0.7-win32-x86_64\bin\verify.dll
0x00007ff90baa0000 - 0x00007ff90bae5000 	C:\Users\santy\AppData\Roaming\Code\User\globalStorage\redhat.java\1.42.0\config_win\org.eclipse.equinox.launcher\org.eclipse.equinox.launcher.win32.win32.x86_64_1.2.1300.v20250331-1702\eclipse_11911.dll
0x00007ff93fd50000 - 0x00007ff93feef000 	C:\WINDOWS\System32\ole32.dll
0x00007ff93e0a0000 - 0x00007ff93e0bc000 	C:\WINDOWS\SYSTEM32\CRYPTSP.dll
0x00007ff93d7c0000 - 0x00007ff93d7fa000 	C:\WINDOWS\system32\rsaenh.dll
0x00007ff93de80000 - 0x00007ff93deab000 	C:\WINDOWS\SYSTEM32\USERENV.dll
0x00007ff93e890000 - 0x00007ff93e8b6000 	C:\WINDOWS\SYSTEM32\bcrypt.dll
0x00007ff93e0c0000 - 0x00007ff93e0cc000 	C:\WINDOWS\SYSTEM32\CRYPTBASE.dll
0x00007ff93d150000 - 0x00007ff93d183000 	C:\WINDOWS\SYSTEM32\IPHLPAPI.DLL
0x00007ff9405c0000 - 0x00007ff9405ca000 	C:\WINDOWS\System32\NSI.dll
0x00007ff8f3730000 - 0x00007ff8f3779000 	C:\Users\santy\AppData\Local\Temp\jna-109204069\jna7606412240489037720.dll
0x00007ff9401c0000 - 0x00007ff9401c8000 	C:\WINDOWS\System32\PSAPI.DLL
0x00007ff936ec0000 - 0x00007ff936edf000 	C:\WINDOWS\SYSTEM32\dhcpcsvc6.DLL
0x00007ff936e70000 - 0x00007ff936e95000 	C:\WINDOWS\SYSTEM32\dhcpcsvc.DLL

dbghelp: loaded successfully - version: 4.0.5 - missing functions: none
symbol engine: initialized successfully - sym options: 0x614 - pdb path: .;c:\Users\santy\.vscode\extensions\redhat.java-1.42.0-win32-x64\jre\21.0.7-win32-x86_64\bin;C:\WINDOWS\SYSTEM32;C:\WINDOWS\WinSxS\amd64_microsoft.windows.common-controls_6595b64144ccf1df_6.0.26100.3912_none_3e07963ce335137e;c:\Users\santy\.vscode\extensions\redhat.java-1.42.0-win32-x64\jre\21.0.7-win32-x86_64\bin\server;C:\Users\santy\AppData\Roaming\Code\User\globalStorage\redhat.java\1.42.0\config_win\org.eclipse.equinox.launcher\org.eclipse.equinox.launcher.win32.win32.x86_64_1.2.1300.v20250331-1702;C:\Users\santy\AppData\Local\Temp\jna-109204069

VM Arguments:
jvm_args: --add-modules=ALL-SYSTEM --add-opens=java.base/java.util=ALL-UNNAMED --add-opens=java.base/java.lang=ALL-UNNAMED --add-opens=java.base/sun.nio.fs=ALL-UNNAMED -Declipse.application=org.eclipse.jdt.ls.core.id1 -Dosgi.bundles.defaultStartLevel=4 -Declipse.product=org.eclipse.jdt.ls.core.product -Djava.import.generatesMetadataFilesAtProjectRoot=false -DDetectVMInstallationsJob.disabled=true -Dfile.encoding=utf8 -XX:+UseParallelGC -XX:GCTimeRatio=4 -XX:AdaptiveSizePolicyWeight=90 -Dsun.zip.disableMemoryMapping=true -Xmx1G -Xms100m -Xlog:disable -javaagent:c:\Users\santy\.vscode\extensions\redhat.java-1.42.0-win32-x64\lombok\lombok-1.18.36.jar -XX:+HeapDumpOnOutOfMemoryError -XX:HeapDumpPath=c:\Users\santy\AppData\Roaming\Code\User\workspaceStorage\0a76d4bd7d16ebb6aad7bda8e9b40fa5\redhat.java -Daether.dependencyCollector.impl=bf 
java_command: c:\Users\santy\.vscode\extensions\redhat.java-1.42.0-win32-x64\server\plugins\org.eclipse.equinox.launcher_1.7.0.v20250424-1814.jar -configuration c:\Users\santy\AppData\Roaming\Code\User\globalStorage\redhat.java\1.42.0\config_win -data c:\Users\santy\AppData\Roaming\Code\User\workspaceStorage\0a76d4bd7d16ebb6aad7bda8e9b40fa5\redhat.java\jdt_ws --pipe=\\.\pipe\lsp-f79b098d0123c7264d316a0abcb1d828-sock
java_class_path (initial): c:\Users\santy\.vscode\extensions\redhat.java-1.42.0-win32-x64\server\plugins\org.eclipse.equinox.launcher_1.7.0.v20250424-1814.jar
Launcher Type: SUN_STANDARD

[Global flags]
    uintx AdaptiveSizePolicyWeight                 = 90                                        {product} {command line}
     intx CICompilerCount                          = 4                                         {product} {ergonomic}
    uintx GCTimeRatio                              = 4                                         {product} {command line}
     bool HeapDumpOnOutOfMemoryError               = true                                   {manageable} {command line}
    ccstr HeapDumpPath                             = c:\Users\santy\AppData\Roaming\Code\User\workspaceStorage\0a76d4bd7d16ebb6aad7bda8e9b40fa5\redhat.java         {manageable} {command line}
   size_t InitialHeapSize                          = 104857600                                 {product} {command line}
   size_t MaxHeapSize                              = 1073741824                                {product} {command line}
   size_t MaxNewSize                               = 357564416                                 {product} {ergonomic}
   size_t MinHeapDeltaBytes                        = 524288                                    {product} {ergonomic}
   size_t MinHeapSize                              = 104857600                                 {product} {command line}
   size_t NewSize                                  = 34603008                                  {product} {ergonomic}
    uintx NonNMethodCodeHeapSize                   = 5839372                                {pd product} {ergonomic}
    uintx NonProfiledCodeHeapSize                  = 122909434                              {pd product} {ergonomic}
   size_t OldSize                                  = 70254592                                  {product} {ergonomic}
    uintx ProfiledCodeHeapSize                     = 122909434                              {pd product} {ergonomic}
    uintx ReservedCodeCacheSize                    = 251658240                              {pd product} {ergonomic}
     bool SegmentedCodeCache                       = true                                      {product} {ergonomic}
   size_t SoftMaxHeapSize                          = 1073741824                             {manageable} {ergonomic}
     bool UseCompressedOops                        = true                           {product lp64_product} {ergonomic}
     bool UseLargePagesIndividualAllocation        = false                                  {pd product} {ergonomic}
     bool UseParallelGC                            = true                                      {product} {command line}

Logging:
Log output configuration:
 #0: stdout all=off uptime,level,tags foldmultilines=false
 #1: stderr all=off uptime,level,tags foldmultilines=false

Environment Variables:
JAVA_HOME=C:\Program Files\Java\jdk-11
PATH=C:\Program Files\Java\jdk-11\bin;C:\Program Files\Common Files\Oracle\Java\javapath;C:\Program Files (x86)\Common Files\Oracle\Java\java8path;C:\Program Files (x86)\Common Files\Oracle\Java\javapath;C:\Program Files\Microsoft SDKs\Azure\CLI2\wbin;C:\windows\system32;C:\windows;C:\windows\System32\Wbem;C:\windows\System32\WindowsPowerShell\v1.0\;C:\windows\System32\OpenSSH\;C:\Program Files (x86)\NVIDIA Corporation\PhysX\Common;C:\WINDOWS\system32;C:\WINDOWS;C:\WINDOWS\System32\Wbem;C:\WINDOWS\System32\WindowsPowerShell\v1.0\;C:\WINDOWS\System32\OpenSSH\;C:\Program Files\NVIDIA Corporation\NVIDIA app\NvDLISR;C:\Program Files\HP\HP One Agent;C:\Program Files\Docker\Docker\resources\bin;C:\Program Files (x86)\Gpg4win\..\GnuPG\bin;C:\Program Files\Git\cmd;C:\Program Files\nodejs\;C:\ProgramData\chocolatey\bin;C:\Program Files\Apache\maven\bin\bin;C:\Program Files\Go\bin;C:\ProgramData\chocolatey\lib\maven\apache-maven-3.9.9\bin;C:\minikube;C:\Program Files\dotnet\;C:\Program Files\Java\jdk-11\bin;C:\Users\santy\AppData\Roaming\Python\Python313;C:\Users\santy\AppData\Roaming\Python\Python313\Scripts;C:\Users\santy\AppData\Local\spicetify;C:\Users\santy\AppData\Local\GitHubDesktop\bin;C:\Users\santy\AppData\Local\Programs\Microsoft VS Code\bin;C:\Users\santy\AppData\Roaming\npm;C:\Users\santy\AppData\Local\Microsoft\WindowsApps;C:\Users\santy\AppData\Local\Muse Hub\lib
USERNAME=santy
OS=Windows_NT
PROCESSOR_IDENTIFIER=Intel64 Family 6 Model 141 Stepping 1, GenuineIntel
TMP=C:\Users\santy\AppData\Local\Temp
TEMP=C:\Users\santy\AppData\Local\Temp




Periodic native trim disabled

---------------  S Y S T E M  ---------------

OS:
 Windows 11 , 64 bit Build 26100 (10.0.26100.3912)
OS uptime: 0 days 0:13 hours
Hyper-V role detected

CPU: total 12 (initial active 12) (6 cores per cpu, 2 threads per core) family 6 model 141 stepping 1 microcode 0x4e, cx8, cmov, fxsr, ht, mmx, 3dnowpref, sse, sse2, sse3, ssse3, sse4.1, sse4.2, popcnt, lzcnt, tsc, tscinvbit, avx, avx2, aes, erms, clmul, bmi1, bmi2, adx, avx512f, avx512dq, avx512cd, avx512bw, avx512vl, sha, fma, vzeroupper, avx512_vpopcntdq, avx512_vpclmulqdq, avx512_vaes, avx512_vnni, clflush, clflushopt, clwb, avx512_vbmi2, avx512_vbmi, hv, rdtscp, rdpid, fsrm, gfni, avx512_bitalg, f16c, cet_ibt, cet_ss, avx512_ifma
Processor Information for the first 12 processors :
  Max Mhz: 2688, Current Mhz: 2688, Mhz Limit: 2688

Memory: 4k page, system-wide physical 7830M (833M free)
TotalPageFile size 31382M (AvailPageFile size 7M)
current process WorkingSet (physical memory assigned to process): 497M, peak: 1128M
current process commit charge ("private bytes"): 840M, peak: 1047M

vm_info: OpenJDK 64-Bit Server VM (21.0.7+6-LTS) for windows-amd64 JRE (21.0.7+6-LTS), built on 2025-04-15T00:00:00Z by "admin" with MS VC++ 17.7 (VS2022)

END.
