#
# There is insufficient memory for the Java Runtime Environment to continue.
# Native memory allocation (malloc) failed to allocate 36016 bytes. Error detail: Chunk::new
# Possible reasons:
#   The system is out of physical RAM or swap space
#   This process is running with CompressedOops enabled, and the Java Heap may be blocking the growth of the native heap
# Possible solutions:
#   Reduce memory load on the system
#   Increase physical memory or swap space
#   Check if swap backing store is full
#   Decrease Java heap size (-Xmx/-Xms)
#   Decrease number of Java threads
#   Decrease Java thread stack sizes (-Xss)
#   Set larger code cache with -XX:ReservedCodeCacheSize=
#   JVM is running with Unscaled Compressed Oops mode in which the Java heap is
#     placed in the first 4GB address space. The Java Heap base address is the
#     maximum limit for the native heap growth. Please use -XX:HeapBaseMinAddress
#     to set the Java Heap base and to place the Java Heap above 4GB virtual address.
# This output file may be truncated or incomplete.
#
#  Out of Memory Error (arena.cpp:168), pid=43528, tid=44484
#
# JRE version: OpenJDK Runtime Environment Temurin-21.0.7+6 (21.0.7+6) (build 21.0.7+6-LTS)
# Java VM: OpenJDK 64-Bit Server VM Temurin-21.0.7+6 (21.0.7+6-LTS, mixed mode, sharing, tiered, compressed oops, compressed class ptrs, parallel gc, windows-amd64)
# No core dump will be written. Minidumps are not enabled by default on client versions of Windows
#

---------------  S U M M A R Y ------------

Command Line: --add-modules=ALL-SYSTEM --add-opens=java.base/java.util=ALL-UNNAMED --add-opens=java.base/java.lang=ALL-UNNAMED --add-opens=java.base/sun.nio.fs=ALL-UNNAMED -Declipse.application=org.eclipse.jdt.ls.core.id1 -Dosgi.bundles.defaultStartLevel=4 -Declipse.product=org.eclipse.jdt.ls.core.product -Djava.import.generatesMetadataFilesAtProjectRoot=false -DDetectVMInstallationsJob.disabled=true -Dfile.encoding=utf8 -XX:+UseParallelGC -XX:GCTimeRatio=4 -XX:AdaptiveSizePolicyWeight=90 -Dsun.zip.disableMemoryMapping=true -Xmx1G -Xms100m -Xlog:disable -javaagent:c:\Users\santy\.vscode\extensions\redhat.java-1.42.0-win32-x64\lombok\lombok-1.18.36.jar c:\Users\santy\.vscode\extensions\redhat.java-1.42.0-win32-x64\server\plugins\org.eclipse.equinox.launcher_1.7.0.v20250424-1814.jar -configuration c:\Users\santy\AppData\Roaming\Code\User\globalStorage\redhat.java\1.42.0\config_ss_win -data c:\Users\santy\AppData\Roaming\Code\User\workspaceStorage\0a76d4bd7d16ebb6aad7bda8e9b40fa5\redhat.java\ss_ws --pipe=\\.\pipe\lsp-7882de520e1cc632aecafc26221bc7ad-sock

Host: 11th Gen Intel(R) Core(TM) i5-11400H @ 2.70GHz, 12 cores, 7G,  Windows 11 , 64 bit Build 26100 (10.0.26100.3912)
Time: Mon May 26 16:46:45 2025 SA Pacific Standard Time elapsed time: 18.110132 seconds (0d 0h 0m 18s)

---------------  T H R E A D  ---------------

Current thread (0x00000285e0220140):  JavaThread "C2 CompilerThread0" daemon [_thread_in_native, id=44484, stack(0x000000dfe8e00000,0x000000dfe8f00000) (1024K)]


Current CompileTask:
C2:18110 1362       4       java.io.DataInputStream::readFully (59 bytes)

Stack: [0x000000dfe8e00000,0x000000dfe8f00000]
Native frames: (J=compiled Java code, j=interpreted, Vv=VM code, C=native code)
V  [jvm.dll+0x6ce119]
V  [jvm.dll+0x8a84a1]
V  [jvm.dll+0x8aa9ce]
V  [jvm.dll+0x8ab0b3]
V  [jvm.dll+0x27f8a6]
V  [jvm.dll+0xc507d]
V  [jvm.dll+0xc55b3]
V  [jvm.dll+0x5d740a]
V  [jvm.dll+0x382ad4]
V  [jvm.dll+0x381f0a]
V  [jvm.dll+0x247af0]
V  [jvm.dll+0x2470cf]
V  [jvm.dll+0x1c760e]
V  [jvm.dll+0x25695a]
V  [jvm.dll+0x254efa]
V  [jvm.dll+0x3f03f6]
V  [jvm.dll+0x851f6b]
V  [jvm.dll+0x6cc7dd]
C  [ucrtbase.dll+0x37b0]
C  [KERNEL32.DLL+0x2e8d7]
C  [ntdll.dll+0x9c5dc]


---------------  P R O C E S S  ---------------

Threads class SMR info:
_java_thread_list=0x00000285e0573d70, length=11, elements={
0x0000028588d3dbf0, 0x00000285de1fdcf0, 0x00000285e02153a0, 0x00000285e0218e00,
0x00000285e0219a50, 0x00000285e021c8b0, 0x00000285e021d300, 0x00000285e0220140,
0x00000285e0236170, 0x00000285e032e240, 0x00000285e054f490
}

Java Threads: ( => current thread )
  0x0000028588d3dbf0 JavaThread "main"                              [_thread_in_native, id=15204, stack(0x000000dfe8400000,0x000000dfe8500000) (1024K)]
  0x00000285de1fdcf0 JavaThread "Reference Handler"          daemon [_thread_blocked, id=44460, stack(0x000000dfe8800000,0x000000dfe8900000) (1024K)]
  0x00000285e02153a0 JavaThread "Finalizer"                  daemon [_thread_blocked, id=44464, stack(0x000000dfe8900000,0x000000dfe8a00000) (1024K)]
  0x00000285e0218e00 JavaThread "Signal Dispatcher"          daemon [_thread_blocked, id=44468, stack(0x000000dfe8a00000,0x000000dfe8b00000) (1024K)]
  0x00000285e0219a50 JavaThread "Attach Listener"            daemon [_thread_blocked, id=44472, stack(0x000000dfe8b00000,0x000000dfe8c00000) (1024K)]
  0x00000285e021c8b0 JavaThread "Service Thread"             daemon [_thread_blocked, id=44476, stack(0x000000dfe8c00000,0x000000dfe8d00000) (1024K)]
  0x00000285e021d300 JavaThread "Monitor Deflation Thread"   daemon [_thread_blocked, id=44480, stack(0x000000dfe8d00000,0x000000dfe8e00000) (1024K)]
=>0x00000285e0220140 JavaThread "C2 CompilerThread0"         daemon [_thread_in_native, id=44484, stack(0x000000dfe8e00000,0x000000dfe8f00000) (1024K)]
  0x00000285e0236170 JavaThread "C1 CompilerThread0"         daemon [_thread_blocked, id=44488, stack(0x000000dfe8f00000,0x000000dfe9000000) (1024K)]
  0x00000285e032e240 JavaThread "Common-Cleaner"             daemon [_thread_blocked, id=44520, stack(0x000000dfe9000000,0x000000dfe9100000) (1024K)]
  0x00000285e054f490 JavaThread "Notification Thread"        daemon [_thread_blocked, id=44080, stack(0x000000dfe9100000,0x000000dfe9200000) (1024K)]
Total: 11

Other Threads:
  0x00000285de1e4990 VMThread "VM Thread"                           [id=44412, stack(0x000000dfe8700000,0x000000dfe8800000) (1024K)]
  0x0000028588daa1b0 WatcherThread "VM Periodic Task Thread"        [id=44344, stack(0x000000dfe8600000,0x000000dfe8700000) (1024K)]
  0x0000028588d5c350 WorkerThread "GC Thread#0"                     [id=44152, stack(0x000000dfe8500000,0x000000dfe8600000) (1024K)]
  0x00000285e0854700 WorkerThread "GC Thread#1"                     [id=45060, stack(0x000000dfe9200000,0x000000dfe9300000) (1024K)]
  0x00000285e08531b0 WorkerThread "GC Thread#2"                     [id=45304, stack(0x000000dfe9300000,0x000000dfe9400000) (1024K)]
  0x00000285e08239b0 WorkerThread "GC Thread#3"                     [id=45300, stack(0x000000dfe9400000,0x000000dfe9500000) (1024K)]
  0x00000285e0824160 WorkerThread "GC Thread#4"                     [id=45192, stack(0x000000dfe9500000,0x000000dfe9600000) (1024K)]
  0x00000285e06b82d0 WorkerThread "GC Thread#5"                     [id=45340, stack(0x000000dfe9600000,0x000000dfe9700000) (1024K)]
  0x00000285e06b8670 WorkerThread "GC Thread#6"                     [id=45328, stack(0x000000dfe9700000,0x000000dfe9800000) (1024K)]
Total: 9

Threads with active compile tasks:
C2 CompilerThread0  18130 1362       4       java.io.DataInputStream::readFully (59 bytes)
Total: 1

VM state: not at safepoint (normal execution)

VM Mutex/Monitor currently owned by a thread: None

Heap address: 0x00000000c0000000, size: 1024 MB, Compressed Oops mode: 32-bit

CDS archive(s) mapped at: [0x000002859d000000-0x000002859dba0000-0x000002859dba0000), size 12189696, SharedBaseAddress: 0x000002859d000000, ArchiveRelocationMode: 1.
Compressed class space mapped at: 0x000002859e000000-0x00000285de000000, reserved size: 1073741824
Narrow klass base: 0x000002859d000000, Narrow klass shift: 0, Narrow klass range: 0x100000000

GC Precious Log:
 CardTable entry size: 512
 CPUs: 12 total, 12 available
 Memory: 7830M
 Large Page Support: Disabled
 NUMA Support: Disabled
 Compressed Oops: Enabled (32-bit)
 Alignments: Space 512K, Generation 512K, Heap 2M
 Heap Min Capacity: 100M
 Heap Initial Capacity: 100M
 Heap Max Capacity: 1G
 Pre-touch: Disabled
 Parallel Workers: 10

Heap:
 PSYoungGen      total 29696K, used 11880K [0x00000000eab00000, 0x00000000ecc00000, 0x0000000100000000)
  eden space 25600K, 33% used [0x00000000eab00000,0x00000000eb36cb38,0x00000000ec400000)
  from space 4096K, 79% used [0x00000000ec400000,0x00000000ec72d880,0x00000000ec800000)
  to   space 4096K, 0% used [0x00000000ec800000,0x00000000ec800000,0x00000000ecc00000)
 ParOldGen       total 68608K, used 16K [0x00000000c0000000, 0x00000000c4300000, 0x00000000eab00000)
  object space 68608K, 0% used [0x00000000c0000000,0x00000000c0004000,0x00000000c4300000)
 Metaspace       used 6138K, committed 6400K, reserved 1114112K
  class space    used 618K, committed 768K, reserved 1048576K

Card table byte_map: [0x00000285886e0000,0x00000285888f0000] _byte_map_base: 0x00000285880e0000

Marking Bits: (ParMarkBitMap*) 0x00007ffa3b8631f0
 Begin Bits: [0x000002859af30000, 0x000002859bf30000)
 End Bits:   [0x000002859bf30000, 0x000002859cf30000)

Polling page: 0x0000028586b00000

Metaspace:

Usage:
  Non-class:      5.39 MB used.
      Class:    618.84 KB used.
       Both:      5.99 MB used.

Virtual space:
  Non-class space:       64.00 MB reserved,       5.50 MB (  9%) committed,  1 nodes.
      Class space:        1.00 GB reserved,     768.00 KB ( <1%) committed,  1 nodes.
             Both:        1.06 GB reserved,       6.25 MB ( <1%) committed. 

Chunk freelists:
   Non-Class:  10.08 MB
       Class:  15.06 MB
        Both:  25.14 MB

MaxMetaspaceSize: unlimited
CompressedClassSpaceSize: 1.00 GB
Initial GC threshold: 21.00 MB
Current GC threshold: 21.00 MB
CDS: on
 - commit_granule_bytes: 65536.
 - commit_granule_words: 8192.
 - virtual_space_node_default_size: 8388608.
 - enlarge_chunks_in_place: 1.
 - use_allocation_guard: 0.


Internal statistics:

num_allocs_failed_limit: 0.
num_arena_births: 228.
num_arena_deaths: 0.
num_vsnodes_births: 2.
num_vsnodes_deaths: 0.
num_space_committed: 100.
num_space_uncommitted: 0.
num_chunks_returned_to_freelist: 0.
num_chunks_taken_from_freelist: 340.
num_chunk_merges: 0.
num_chunk_splits: 229.
num_chunks_enlarged: 148.
num_inconsistent_stats: 0.

CodeHeap 'non-profiled nmethods': size=120000Kb used=500Kb max_used=500Kb free=119499Kb
 bounds [0x0000028593a00000, 0x0000028593c70000, 0x000002859af30000]
CodeHeap 'profiled nmethods': size=120000Kb used=2368Kb max_used=2368Kb free=117631Kb
 bounds [0x000002858bf30000, 0x000002858c1a0000, 0x0000028593460000]
CodeHeap 'non-nmethods': size=5760Kb used=1217Kb max_used=1234Kb free=4542Kb
 bounds [0x0000028593460000, 0x00000285936d0000, 0x0000028593a00000]
 total_blobs=1839 nmethods=1367 adapters=379
 compilation: enabled
              stopped_count=0, restarted_count=0
 full_count=0

Compilation events (20 events):
Event: 16.097 Thread 0x00000285e0236170 1349       3       org.eclipse.osgi.container.ModuleDatabase$Persistence::addToReadTable (70 bytes)
Event: 16.097 Thread 0x00000285e0236170 nmethod 1349 0x000002858c177710 code [0x000002858c177940, 0x000002858c178140]
Event: 16.098 Thread 0x00000285e0220140 nmethod 1368 0x0000028593a7c010 code [0x0000028593a7c1e0, 0x0000028593a7c510]
Event: 16.099 Thread 0x00000285e0220140 1362       4       java.io.DataInputStream::readFully (59 bytes)
Event: 16.099 Thread 0x00000285e0236170 1372   !   3       java.util.zip.ZipFile::getEntry (59 bytes)
Event: 16.099 Thread 0x00000285e0236170 nmethod 1372 0x000002858c178310 code [0x000002858c178500, 0x000002858c178980]
Event: 16.100 Thread 0x00000285e0236170 1373       3       java.lang.Long::reverseBytes (46 bytes)
Event: 16.100 Thread 0x00000285e0236170 nmethod 1373 0x000002858c178c10 code [0x000002858c178da0, 0x000002858c178ef8]
Event: 16.100 Thread 0x00000285e0236170 1374       3       org.eclipse.osgi.container.ModuleRevisionBuilder::unmodifiableMap (86 bytes)
Event: 16.101 Thread 0x00000285e0236170 nmethod 1374 0x000002858c178f90 code [0x000002858c179240, 0x000002858c17a088]
Event: 16.101 Thread 0x00000285e0236170 1375       1       org.eclipse.osgi.container.ModuleRevisionBuilder$GenericInfo::getNamespace (5 bytes)
Event: 16.101 Thread 0x00000285e0236170 nmethod 1375 0x0000028593a7c890 code [0x0000028593a7ca20, 0x0000028593a7cae8]
Event: 16.101 Thread 0x00000285e0236170 1376       3       java.util.Collections::emptyMap (4 bytes)
Event: 16.101 Thread 0x00000285e0236170 nmethod 1376 0x000002858c17a410 code [0x000002858c17a5a0, 0x000002858c17a698]
Event: 16.101 Thread 0x00000285e0236170 1377       1       java.util.Collections$EmptyMap::size (2 bytes)
Event: 16.101 Thread 0x00000285e0236170 nmethod 1377 0x0000028593a7cb90 code [0x0000028593a7cd20, 0x0000028593a7cde8]
Event: 16.101 Thread 0x00000285e0236170 1378       3       sun.net.www.protocol.jar.Handler::parseURL (173 bytes)
Event: 16.102 Thread 0x00000285e0236170 nmethod 1378 0x000002858c17a710 code [0x000002858c17a9c0, 0x000002858c17b380]
Event: 16.102 Thread 0x00000285e0236170 1379       3       sun.net.www.protocol.jar.Handler::indexOfBangSlash (52 bytes)
Event: 16.102 Thread 0x00000285e0236170 nmethod 1379 0x000002858c17b810 code [0x000002858c17ba80, 0x000002858c17c528]

GC Heap History (2 events):
Event: 13.575 GC heap before
{Heap before GC invocations=1 (full 0):
 PSYoungGen      total 29696K, used 25600K [0x00000000eab00000, 0x00000000ecc00000, 0x0000000100000000)
  eden space 25600K, 100% used [0x00000000eab00000,0x00000000ec400000,0x00000000ec400000)
  from space 4096K, 0% used [0x00000000ec800000,0x00000000ec800000,0x00000000ecc00000)
  to   space 4096K, 0% used [0x00000000ec400000,0x00000000ec400000,0x00000000ec800000)
 ParOldGen       total 68608K, used 0K [0x00000000c0000000, 0x00000000c4300000, 0x00000000eab00000)
  object space 68608K, 0% used [0x00000000c0000000,0x00000000c0000000,0x00000000c4300000)
 Metaspace       used 4346K, committed 4544K, reserved 1114112K
  class space    used 460K, committed 576K, reserved 1048576K
}
Event: 13.584 GC heap after
{Heap after GC invocations=1 (full 0):
 PSYoungGen      total 29696K, used 3254K [0x00000000eab00000, 0x00000000ecc00000, 0x0000000100000000)
  eden space 25600K, 0% used [0x00000000eab00000,0x00000000eab00000,0x00000000ec400000)
  from space 4096K, 79% used [0x00000000ec400000,0x00000000ec72d880,0x00000000ec800000)
  to   space 4096K, 0% used [0x00000000ec800000,0x00000000ec800000,0x00000000ecc00000)
 ParOldGen       total 68608K, used 16K [0x00000000c0000000, 0x00000000c4300000, 0x00000000eab00000)
  object space 68608K, 0% used [0x00000000c0000000,0x00000000c0004000,0x00000000c4300000)
 Metaspace       used 4346K, committed 4544K, reserved 1114112K
  class space    used 460K, committed 576K, reserved 1048576K
}

Dll operation events (8 events):
Event: 0.135 Loaded shared library c:\Users\santy\.vscode\extensions\redhat.java-1.42.0-win32-x64\jre\21.0.7-win32-x86_64\bin\java.dll
Event: 0.361 Loaded shared library c:\Users\santy\.vscode\extensions\redhat.java-1.42.0-win32-x64\jre\21.0.7-win32-x86_64\bin\zip.dll
Event: 0.391 Loaded shared library C:\Users\santy\.vscode\extensions\redhat.java-1.42.0-win32-x64\jre\21.0.7-win32-x86_64\bin\instrument.dll
Event: 0.400 Loaded shared library C:\Users\santy\.vscode\extensions\redhat.java-1.42.0-win32-x64\jre\21.0.7-win32-x86_64\bin\net.dll
Event: 0.410 Loaded shared library C:\Users\santy\.vscode\extensions\redhat.java-1.42.0-win32-x64\jre\21.0.7-win32-x86_64\bin\nio.dll
Event: 0.417 Loaded shared library C:\Users\santy\.vscode\extensions\redhat.java-1.42.0-win32-x64\jre\21.0.7-win32-x86_64\bin\zip.dll
Event: 0.447 Loaded shared library C:\Users\santy\.vscode\extensions\redhat.java-1.42.0-win32-x64\jre\21.0.7-win32-x86_64\bin\jimage.dll
Event: 0.554 Loaded shared library c:\Users\santy\.vscode\extensions\redhat.java-1.42.0-win32-x64\jre\21.0.7-win32-x86_64\bin\verify.dll

Deoptimization events (20 events):
Event: 13.610 Thread 0x0000028588d3dbf0 Uncommon trap: trap_request=0xffffff45 fr.pc=0x0000028593a5e5c0 relative=0x0000000000000280
Event: 13.610 Thread 0x0000028588d3dbf0 Uncommon trap: reason=unstable_if action=reinterpret pc=0x0000028593a5e5c0 method=java.util.HashMap.hash(Ljava/lang/Object;)I @ 1 c2
Event: 13.610 Thread 0x0000028588d3dbf0 DEOPT PACKING pc=0x0000028593a5e5c0 sp=0x000000dfe84fe890
Event: 13.610 Thread 0x0000028588d3dbf0 DEOPT UNPACKING pc=0x00000285934b6da2 sp=0x000000dfe84fe788 mode 2
Event: 13.611 Thread 0x0000028588d3dbf0 Uncommon trap: trap_request=0xffffff45 fr.pc=0x0000028593a5cfd0 relative=0x00000000000000b0
Event: 13.611 Thread 0x0000028588d3dbf0 Uncommon trap: reason=unstable_if action=reinterpret pc=0x0000028593a5cfd0 method=java.util.HashMap.hash(Ljava/lang/Object;)I @ 1 c2
Event: 13.611 Thread 0x0000028588d3dbf0 DEOPT PACKING pc=0x0000028593a5cfd0 sp=0x000000dfe84fe800
Event: 13.611 Thread 0x0000028588d3dbf0 DEOPT UNPACKING pc=0x00000285934b6da2 sp=0x000000dfe84fe798 mode 2
Event: 13.611 Thread 0x0000028588d3dbf0 Uncommon trap: trap_request=0xffffffde fr.pc=0x0000028593a43914 relative=0x0000000000000574
Event: 13.611 Thread 0x0000028588d3dbf0 Uncommon trap: reason=class_check action=maybe_recompile pc=0x0000028593a43914 method=java.util.Collections$UnmodifiableCollection$1.<init>(Ljava/util/Collections$UnmodifiableCollection;)V @ 17 c2
Event: 13.611 Thread 0x0000028588d3dbf0 DEOPT PACKING pc=0x0000028593a43914 sp=0x000000dfe84fe910
Event: 13.611 Thread 0x0000028588d3dbf0 DEOPT UNPACKING pc=0x00000285934b6da2 sp=0x000000dfe84fe858 mode 2
Event: 13.644 Thread 0x0000028588d3dbf0 Uncommon trap: trap_request=0xffffffde fr.pc=0x0000028593a2fe48 relative=0x0000000000000488
Event: 13.644 Thread 0x0000028588d3dbf0 Uncommon trap: reason=class_check action=maybe_recompile pc=0x0000028593a2fe48 method=java.util.HashMap.putVal(ILjava/lang/Object;Ljava/lang/Object;ZZ)Ljava/lang/Object; @ 253 c2
Event: 13.644 Thread 0x0000028588d3dbf0 DEOPT PACKING pc=0x0000028593a2fe48 sp=0x000000dfe84fcf70
Event: 13.644 Thread 0x0000028588d3dbf0 DEOPT UNPACKING pc=0x00000285934b6da2 sp=0x000000dfe84fcf30 mode 2
Event: 15.011 Thread 0x0000028588d3dbf0 Uncommon trap: trap_request=0xffffff45 fr.pc=0x0000028593a420f8 relative=0x0000000000000198
Event: 15.011 Thread 0x0000028588d3dbf0 Uncommon trap: reason=unstable_if action=reinterpret pc=0x0000028593a420f8 method=java.lang.invoke.VarHandle.checkAccessModeThenIsDirect(Ljava/lang/invoke/VarHandle$AccessDescriptor;)Z @ 4 c2
Event: 15.011 Thread 0x0000028588d3dbf0 DEOPT PACKING pc=0x0000028593a420f8 sp=0x000000dfe84fe8c0
Event: 15.011 Thread 0x0000028588d3dbf0 DEOPT UNPACKING pc=0x00000285934b6da2 sp=0x000000dfe84fe7f8 mode 2

Classes loaded (20 events):
Event: 15.033 Loading class java/util/AbstractQueue done
Event: 15.033 Loading class java/util/concurrent/SynchronousQueue done
Event: 15.033 Loading class java/util/concurrent/SynchronousQueue$Transferer
Event: 15.033 Loading class java/util/concurrent/LinkedTransferQueue
Event: 15.034 Loading class java/util/concurrent/TransferQueue
Event: 15.034 Loading class java/util/concurrent/TransferQueue done
Event: 15.034 Loading class java/util/concurrent/LinkedTransferQueue done
Event: 15.034 Loading class java/util/concurrent/SynchronousQueue$Transferer done
Event: 15.034 Loading class java/util/concurrent/LinkedTransferQueue$DualNode
Event: 15.034 Loading class java/util/concurrent/LinkedTransferQueue$DualNode done
Event: 15.034 Loading class java/util/concurrent/RejectedExecutionHandler
Event: 15.035 Loading class java/util/concurrent/RejectedExecutionHandler done
Event: 15.035 Loading class java/util/concurrent/LinkedBlockingQueue
Event: 15.035 Loading class java/util/concurrent/LinkedBlockingQueue done
Event: 15.035 Loading class java/util/concurrent/LinkedBlockingQueue$Node
Event: 15.035 Loading class java/util/concurrent/LinkedBlockingQueue$Node done
Event: 16.069 Loading class java/util/concurrent/Semaphore$NonfairSync
Event: 16.069 Loading class java/util/concurrent/Semaphore$Sync
Event: 16.070 Loading class java/util/concurrent/Semaphore$Sync done
Event: 16.070 Loading class java/util/concurrent/Semaphore$NonfairSync done

Classes unloaded (0 events):
No events

Classes redefined (0 events):
No events

Internal exceptions (20 events):
Event: 3.206 Thread 0x0000028588d3dbf0 Exception <a 'java/lang/NoSuchMethodError'{0x00000000ebaca420}: 'java.lang.Object java.lang.invoke.Invokers$Holder.invokeExact_MT(java.lang.Object, java.lang.Object, java.lang.Object, java.lang.Object, java.lang.Object, java.lang.Object)'> (0x00000000ebaca420) 
thrown [s\src\hotspot\share\interpreter\linkResolver.cpp, line 773]
Event: 3.210 Thread 0x0000028588d3dbf0 Exception <a 'java/lang/NoSuchMethodError'{0x00000000ebae1678}: 'int java.lang.invoke.DirectMethodHandle$Holder.invokeStatic(java.lang.Object, java.lang.Object, java.lang.Object, java.lang.Object, java.lang.Object)'> (0x00000000ebae1678) 
thrown [s\src\hotspot\share\interpreter\linkResolver.cpp, line 773]
Event: 3.264 Thread 0x0000028588d3dbf0 Exception <a 'java/lang/NoSuchMethodError'{0x00000000ebb75c80}: 'java.lang.Object java.lang.invoke.DirectMethodHandle$Holder.invokeInterface(java.lang.Object, java.lang.Object, int)'> (0x00000000ebb75c80) 
thrown [s\src\hotspot\share\interpreter\linkResolver.cpp, line 773]
Event: 12.497 Thread 0x0000028588d3dbf0 Exception <a 'java/lang/NoSuchMethodError'{0x00000000ebfbf6e0}: 'java.lang.ClassLoader java.lang.ClassLoader.getPlatformClassLoader(java.lang.Class)'> (0x00000000ebfbf6e0) 
thrown [s\src\hotspot\share\interpreter\linkResolver.cpp, line 773]
Event: 13.565 Thread 0x0000028588d3dbf0 Exception <a 'java/lang/ClassNotFoundException'{0x00000000ec3c3818}: sun/net/www/protocol/c/Handler> (0x00000000ec3c3818) 
thrown [s\src\hotspot\share\classfile\systemDictionary.cpp, line 312]
Event: 13.565 Thread 0x0000028588d3dbf0 Exception <a 'java/lang/ClassNotFoundException'{0x00000000ec3c4c18}: sun/net/www/protocol/c/Handler> (0x00000000ec3c4c18) 
thrown [s\src\hotspot\share\classfile\systemDictionary.cpp, line 312]
Event: 13.565 Thread 0x0000028588d3dbf0 Exception <a 'java/lang/ClassNotFoundException'{0x00000000ec3c5ea0}: sun/net/www/protocol/c/Handler> (0x00000000ec3c5ea0) 
thrown [s\src\hotspot\share\classfile\systemDictionary.cpp, line 312]
Event: 13.572 Thread 0x0000028588d3dbf0 Exception <a 'java/io/FileNotFoundException'{0x00000000ec3ea9c8}> (0x00000000ec3ea9c8) 
thrown [s\src\hotspot\share\prims\jni.cpp, line 520]
Event: 13.610 Thread 0x0000028588d3dbf0 Implicit null exception at 0x0000028593a57aa9 to 0x0000028593a58348
Event: 13.610 Thread 0x0000028588d3dbf0 Implicit null exception at 0x0000028593a5e39a to 0x0000028593a5e5a8
Event: 13.611 Thread 0x0000028588d3dbf0 Exception <a 'java/lang/NoSuchMethodError'{0x00000000eac960d8}: 'void java.lang.invoke.DirectMethodHandle$Holder.invokeStatic(java.lang.Object, java.lang.Object, java.lang.Object, java.lang.Object)'> (0x00000000eac960d8) 
thrown [s\src\hotspot\share\interpreter\linkResolver.cpp, line 773]
Event: 13.611 Thread 0x0000028588d3dbf0 Implicit null exception at 0x0000028593a5cf3d to 0x0000028593a5cfc1
Event: 13.648 Thread 0x0000028588d3dbf0 Exception <a 'java/lang/NoSuchMethodError'{0x00000000eae51f70}: 'long java.lang.invoke.DirectMethodHandle$Holder.invokeStatic(java.lang.Object, java.lang.Object, int)'> (0x00000000eae51f70) 
thrown [s\src\hotspot\share\interpreter\linkResolver.cpp, line 773]
Event: 13.649 Thread 0x0000028588d3dbf0 Exception <a 'java/lang/NoSuchMethodError'{0x00000000eae59960}: 'java.lang.Object java.lang.invoke.DirectMethodHandle$Holder.invokeSpecial(java.lang.Object, java.lang.Object, java.lang.Object, java.lang.Object, long)'> (0x00000000eae59960) 
thrown [s\src\hotspot\share\interpreter\linkResolver.cpp, line 773]
Event: 13.650 Thread 0x0000028588d3dbf0 Exception <a 'java/lang/NoSuchMethodError'{0x00000000eae67650}: 'java.lang.Object java.lang.invoke.DirectMethodHandle$Holder.invokeSpecial(java.lang.Object, java.lang.Object, java.lang.Object, int, java.lang.Object)'> (0x00000000eae67650) 
thrown [s\src\hotspot\share\interpreter\linkResolver.cpp, line 773]
Event: 13.653 Thread 0x0000028588d3dbf0 Exception <a 'java/lang/NoSuchMethodError'{0x00000000eae90c78}: 'int java.lang.invoke.DirectMethodHandle$Holder.invokeStaticInit(java.lang.Object, java.lang.Object, java.lang.Object, java.lang.Object)'> (0x00000000eae90c78) 
thrown [s\src\hotspot\share\interpreter\linkResolver.cpp, line 773]
Event: 13.654 Thread 0x0000028588d3dbf0 Exception <a 'java/lang/IncompatibleClassChangeError'{0x00000000eae99178}: Found class java.lang.Object, but interface was expected> (0x00000000eae99178) 
thrown [s\src\hotspot\share\interpreter\linkResolver.cpp, line 840]
Event: 13.654 Thread 0x0000028588d3dbf0 Exception <a 'java/lang/NoSuchMethodError'{0x00000000eae9d318}: 'void java.lang.invoke.DirectMethodHandle$Holder.invokeStaticInit(java.lang.Object, java.lang.Object)'> (0x00000000eae9d318) 
thrown [s\src\hotspot\share\interpreter\linkResolver.cpp, line 773]
Event: 13.655 Thread 0x0000028588d3dbf0 Exception <a 'java/lang/NoSuchMethodError'{0x00000000eaea41f0}: 'int java.lang.invoke.DirectMethodHandle$Holder.invokeStaticInit(java.lang.Object, java.lang.Object)'> (0x00000000eaea41f0) 
thrown [s\src\hotspot\share\interpreter\linkResolver.cpp, line 773]
Event: 15.019 Thread 0x0000028588d3dbf0 Exception <a 'java/lang/NoSuchMethodError'{0x00000000eafe1490}: 'void java.lang.invoke.DirectMethodHandle$Holder.invokeSpecial(java.lang.Object, java.lang.Object, java.lang.Object)'> (0x00000000eafe1490) 
thrown [s\src\hotspot\share\interpreter\linkResolver.cpp, line 773]

ZGC Phase Switch (0 events):
No events

VM Operations (20 events):
Event: 2.088 Executing VM operation: HandshakeAllThreads (Deoptimize) done
Event: 3.097 Executing VM operation: Cleanup
Event: 3.161 Executing VM operation: Cleanup done
Event: 4.175 Executing VM operation: Cleanup
Event: 4.175 Executing VM operation: Cleanup done
Event: 5.186 Executing VM operation: Cleanup
Event: 5.186 Executing VM operation: Cleanup done
Event: 11.258 Executing VM operation: Cleanup
Event: 11.464 Executing VM operation: Cleanup done
Event: 12.478 Executing VM operation: Cleanup
Event: 12.478 Executing VM operation: Cleanup done
Event: 13.492 Executing VM operation: Cleanup
Event: 13.555 Executing VM operation: Cleanup done
Event: 13.575 Executing VM operation: ParallelGCFailedAllocation (Allocation Failure)
Event: 13.584 Executing VM operation: ParallelGCFailedAllocation (Allocation Failure) done
Event: 14.585 Executing VM operation: Cleanup
Event: 14.585 Executing VM operation: Cleanup done
Event: 15.600 Executing VM operation: Cleanup
Event: 16.061 Executing VM operation: Cleanup done
Event: 17.074 Executing VM operation: Cleanup

Memory protections (0 events):
No events

Nmethod flushes (0 events):
No events

Events (11 events):
Event: 0.273 Thread 0x0000028588d3dbf0 Thread added: 0x0000028588d3dbf0
Event: 0.319 Thread 0x0000028588d3dbf0 Thread added: 0x00000285de1fdcf0
Event: 0.319 Thread 0x0000028588d3dbf0 Thread added: 0x00000285e02153a0
Event: 0.319 Thread 0x0000028588d3dbf0 Thread added: 0x00000285e0218e00
Event: 0.319 Thread 0x0000028588d3dbf0 Thread added: 0x00000285e0219a50
Event: 0.319 Thread 0x0000028588d3dbf0 Thread added: 0x00000285e021c8b0
Event: 0.319 Thread 0x0000028588d3dbf0 Thread added: 0x00000285e021d300
Event: 0.320 Thread 0x0000028588d3dbf0 Thread added: 0x00000285e0220140
Event: 0.320 Thread 0x0000028588d3dbf0 Thread added: 0x00000285e0236170
Event: 0.347 Thread 0x0000028588d3dbf0 Thread added: 0x00000285e032e240
Event: 0.777 Thread 0x0000028588d3dbf0 Thread added: 0x00000285e054f490


Dynamic libraries:
0x00007ff6d85d0000 - 0x00007ff6d85de000 	c:\Users\santy\.vscode\extensions\redhat.java-1.42.0-win32-x64\jre\21.0.7-win32-x86_64\bin\java.exe
0x00007ffa999a0000 - 0x00007ffa99c06000 	C:\WINDOWS\SYSTEM32\ntdll.dll
0x00007ffa980f0000 - 0x00007ffa981b9000 	C:\WINDOWS\System32\KERNEL32.DLL
0x00007ffa96b30000 - 0x00007ffa96efc000 	C:\WINDOWS\System32\KERNELBASE.dll
0x00007ffa96f00000 - 0x00007ffa9704b000 	C:\WINDOWS\System32\ucrtbase.dll
0x00007ffa91720000 - 0x00007ffa91738000 	c:\Users\santy\.vscode\extensions\redhat.java-1.42.0-win32-x64\jre\21.0.7-win32-x86_64\bin\jli.dll
0x00007ffa99790000 - 0x00007ffa9995a000 	C:\WINDOWS\System32\USER32.dll
0x00007ffa97480000 - 0x00007ffa974a7000 	C:\WINDOWS\System32\win32u.dll
0x00007ffa98900000 - 0x00007ffa9892b000 	C:\WINDOWS\System32\GDI32.dll
0x00007ffa97290000 - 0x00007ffa973c2000 	C:\WINDOWS\System32\gdi32full.dll
0x00007ffa973d0000 - 0x00007ffa97473000 	C:\WINDOWS\System32\msvcp_win.dll
0x00007ffa8b6e0000 - 0x00007ffa8b6fe000 	c:\Users\santy\.vscode\extensions\redhat.java-1.42.0-win32-x64\jre\21.0.7-win32-x86_64\bin\VCRUNTIME140.dll
0x00007ffa79f20000 - 0x00007ffa7a1ba000 	C:\WINDOWS\WinSxS\amd64_microsoft.windows.common-controls_6595b64144ccf1df_6.0.26100.3912_none_3e07963ce335137e\COMCTL32.dll
0x00007ffa97f80000 - 0x00007ffa98029000 	C:\WINDOWS\System32\msvcrt.dll
0x00007ffa98730000 - 0x00007ffa98760000 	C:\WINDOWS\System32\IMM32.DLL
0x00007ffa91710000 - 0x00007ffa9171c000 	c:\Users\santy\.vscode\extensions\redhat.java-1.42.0-win32-x64\jre\21.0.7-win32-x86_64\bin\vcruntime140_1.dll
0x00007ffa73de0000 - 0x00007ffa73e6d000 	c:\Users\santy\.vscode\extensions\redhat.java-1.42.0-win32-x64\jre\21.0.7-win32-x86_64\bin\msvcp140.dll
0x00007ffa3abb0000 - 0x00007ffa3b940000 	c:\Users\santy\.vscode\extensions\redhat.java-1.42.0-win32-x64\jre\21.0.7-win32-x86_64\bin\server\jvm.dll
0x00007ffa98030000 - 0x00007ffa980e2000 	C:\WINDOWS\System32\ADVAPI32.dll
0x00007ffa98230000 - 0x00007ffa982d6000 	C:\WINDOWS\System32\sechost.dll
0x00007ffa97760000 - 0x00007ffa97876000 	C:\WINDOWS\System32\RPCRT4.dll
0x00007ffa99660000 - 0x00007ffa996d4000 	C:\WINDOWS\System32\WS2_32.dll
0x00007ffa95880000 - 0x00007ffa958de000 	C:\WINDOWS\SYSTEM32\POWRPROF.dll
0x00007ffa89ba0000 - 0x00007ffa89bd6000 	C:\WINDOWS\SYSTEM32\WINMM.dll
0x00007ffa8f500000 - 0x00007ffa8f50b000 	C:\WINDOWS\SYSTEM32\VERSION.dll
0x00007ffa95860000 - 0x00007ffa95874000 	C:\WINDOWS\SYSTEM32\UMPDC.dll
0x00007ffa959e0000 - 0x00007ffa959fa000 	C:\WINDOWS\SYSTEM32\kernel.appcore.dll
0x00007ffa8b740000 - 0x00007ffa8b74a000 	c:\Users\santy\.vscode\extensions\redhat.java-1.42.0-win32-x64\jre\21.0.7-win32-x86_64\bin\jimage.dll
0x00007ffa93c90000 - 0x00007ffa93ed1000 	C:\WINDOWS\SYSTEM32\DBGHELP.DLL
0x00007ffa98930000 - 0x00007ffa98cb4000 	C:\WINDOWS\System32\combase.dll
0x00007ffa98d30000 - 0x00007ffa98e10000 	C:\WINDOWS\System32\OLEAUT32.dll
0x00007ffa74410000 - 0x00007ffa74449000 	C:\WINDOWS\SYSTEM32\dbgcore.DLL
0x00007ffa974b0000 - 0x00007ffa97549000 	C:\WINDOWS\System32\bcryptPrimitives.dll
0x00007ffa8b2a0000 - 0x00007ffa8b2af000 	c:\Users\santy\.vscode\extensions\redhat.java-1.42.0-win32-x64\jre\21.0.7-win32-x86_64\bin\instrument.dll
0x00007ffa73dc0000 - 0x00007ffa73ddf000 	c:\Users\santy\.vscode\extensions\redhat.java-1.42.0-win32-x64\jre\21.0.7-win32-x86_64\bin\java.dll
0x00007ffa98e20000 - 0x00007ffa9954d000 	C:\WINDOWS\System32\SHELL32.dll
0x00007ffa97050000 - 0x00007ffa971c4000 	C:\WINDOWS\System32\wintypes.dll
0x00007ffa94780000 - 0x00007ffa94fd6000 	C:\WINDOWS\SYSTEM32\windows.storage.dll
0x00007ffa98800000 - 0x00007ffa988ef000 	C:\WINDOWS\System32\SHCORE.dll
0x00007ffa981c0000 - 0x00007ffa98229000 	C:\WINDOWS\System32\shlwapi.dll
0x00007ffa96a40000 - 0x00007ffa96a6f000 	C:\WINDOWS\SYSTEM32\profapi.dll
0x00007ffa6f9b0000 - 0x00007ffa6f9c8000 	c:\Users\santy\.vscode\extensions\redhat.java-1.42.0-win32-x64\jre\21.0.7-win32-x86_64\bin\zip.dll
0x00007ffa79ab0000 - 0x00007ffa79ac0000 	C:\Users\santy\.vscode\extensions\redhat.java-1.42.0-win32-x64\jre\21.0.7-win32-x86_64\bin\net.dll
0x00007ffa8f6e0000 - 0x00007ffa8f7fe000 	C:\WINDOWS\SYSTEM32\WINHTTP.dll
0x00007ffa95f60000 - 0x00007ffa95fca000 	C:\WINDOWS\system32\mswsock.dll
0x00007ffa6a850000 - 0x00007ffa6a866000 	C:\Users\santy\.vscode\extensions\redhat.java-1.42.0-win32-x64\jre\21.0.7-win32-x86_64\bin\nio.dll
0x00007ffa78b60000 - 0x00007ffa78b70000 	c:\Users\santy\.vscode\extensions\redhat.java-1.42.0-win32-x64\jre\21.0.7-win32-x86_64\bin\verify.dll

dbghelp: loaded successfully - version: 4.0.5 - missing functions: none
symbol engine: initialized successfully - sym options: 0x614 - pdb path: .;c:\Users\santy\.vscode\extensions\redhat.java-1.42.0-win32-x64\jre\21.0.7-win32-x86_64\bin;C:\WINDOWS\SYSTEM32;C:\WINDOWS\WinSxS\amd64_microsoft.windows.common-controls_6595b64144ccf1df_6.0.26100.3912_none_3e07963ce335137e;c:\Users\santy\.vscode\extensions\redhat.java-1.42.0-win32-x64\jre\21.0.7-win32-x86_64\bin\server

VM Arguments:
jvm_args: --add-modules=ALL-SYSTEM --add-opens=java.base/java.util=ALL-UNNAMED --add-opens=java.base/java.lang=ALL-UNNAMED --add-opens=java.base/sun.nio.fs=ALL-UNNAMED -Declipse.application=org.eclipse.jdt.ls.core.id1 -Dosgi.bundles.defaultStartLevel=4 -Declipse.product=org.eclipse.jdt.ls.core.product -Djava.import.generatesMetadataFilesAtProjectRoot=false -DDetectVMInstallationsJob.disabled=true -Dfile.encoding=utf8 -XX:+UseParallelGC -XX:GCTimeRatio=4 -XX:AdaptiveSizePolicyWeight=90 -Dsun.zip.disableMemoryMapping=true -Xmx1G -Xms100m -Xlog:disable -javaagent:c:\Users\santy\.vscode\extensions\redhat.java-1.42.0-win32-x64\lombok\lombok-1.18.36.jar 
java_command: c:\Users\santy\.vscode\extensions\redhat.java-1.42.0-win32-x64\server\plugins\org.eclipse.equinox.launcher_1.7.0.v20250424-1814.jar -configuration c:\Users\santy\AppData\Roaming\Code\User\globalStorage\redhat.java\1.42.0\config_ss_win -data c:\Users\santy\AppData\Roaming\Code\User\workspaceStorage\0a76d4bd7d16ebb6aad7bda8e9b40fa5\redhat.java\ss_ws --pipe=\\.\pipe\lsp-7882de520e1cc632aecafc26221bc7ad-sock
java_class_path (initial): c:\Users\santy\.vscode\extensions\redhat.java-1.42.0-win32-x64\server\plugins\org.eclipse.equinox.launcher_1.7.0.v20250424-1814.jar
Launcher Type: SUN_STANDARD

[Global flags]
    uintx AdaptiveSizePolicyWeight                 = 90                                        {product} {command line}
     intx CICompilerCount                          = 4                                         {product} {ergonomic}
    uintx GCTimeRatio                              = 4                                         {product} {command line}
   size_t InitialHeapSize                          = 104857600                                 {product} {command line}
   size_t MaxHeapSize                              = 1073741824                                {product} {command line}
   size_t MaxNewSize                               = 357564416                                 {product} {ergonomic}
   size_t MinHeapDeltaBytes                        = 524288                                    {product} {ergonomic}
   size_t MinHeapSize                              = 104857600                                 {product} {command line}
   size_t NewSize                                  = 34603008                                  {product} {ergonomic}
    uintx NonNMethodCodeHeapSize                   = 5839372                                {pd product} {ergonomic}
    uintx NonProfiledCodeHeapSize                  = 122909434                              {pd product} {ergonomic}
   size_t OldSize                                  = 70254592                                  {product} {ergonomic}
    uintx ProfiledCodeHeapSize                     = 122909434                              {pd product} {ergonomic}
    uintx ReservedCodeCacheSize                    = 251658240                              {pd product} {ergonomic}
     bool SegmentedCodeCache                       = true                                      {product} {ergonomic}
   size_t SoftMaxHeapSize                          = 1073741824                             {manageable} {ergonomic}
     bool UseCompressedOops                        = true                           {product lp64_product} {ergonomic}
     bool UseLargePagesIndividualAllocation        = false                                  {pd product} {ergonomic}
     bool UseParallelGC                            = true                                      {product} {command line}

Logging:
Log output configuration:
 #0: stdout all=off uptime,level,tags foldmultilines=false
 #1: stderr all=off uptime,level,tags foldmultilines=false

Environment Variables:
JAVA_HOME=C:\Program Files\Java\jdk-11
PATH=C:\Program Files\Java\jdk-11\bin;C:\Program Files\Common Files\Oracle\Java\javapath;C:\Program Files (x86)\Common Files\Oracle\Java\java8path;C:\Program Files (x86)\Common Files\Oracle\Java\javapath;C:\Program Files\Microsoft SDKs\Azure\CLI2\wbin;C:\windows\system32;C:\windows;C:\windows\System32\Wbem;C:\windows\System32\WindowsPowerShell\v1.0\;C:\windows\System32\OpenSSH\;C:\Program Files (x86)\NVIDIA Corporation\PhysX\Common;C:\WINDOWS\system32;C:\WINDOWS;C:\WINDOWS\System32\Wbem;C:\WINDOWS\System32\WindowsPowerShell\v1.0\;C:\WINDOWS\System32\OpenSSH\;C:\Program Files\NVIDIA Corporation\NVIDIA app\NvDLISR;C:\Program Files\HP\HP One Agent;C:\Program Files\Docker\Docker\resources\bin;C:\Program Files (x86)\Gpg4win\..\GnuPG\bin;C:\Program Files\Git\cmd;C:\Program Files\nodejs\;C:\ProgramData\chocolatey\bin;C:\Program Files\Apache\maven\bin\bin;C:\Program Files\Go\bin;C:\ProgramData\chocolatey\lib\maven\apache-maven-3.9.9\bin;C:\minikube;C:\Program Files\dotnet\;C:\Program Files\Java\jdk-11\bin;C:\Users\santy\AppData\Roaming\Python\Python313;C:\Users\santy\AppData\Roaming\Python\Python313\Scripts;C:\Users\santy\AppData\Local\spicetify;C:\Users\santy\AppData\Local\GitHubDesktop\bin;C:\Users\santy\AppData\Local\Programs\Microsoft VS Code\bin;C:\Users\santy\AppData\Roaming\npm;C:\Users\santy\AppData\Local\Microsoft\WindowsApps;C:\Users\santy\AppData\Local\Muse Hub\lib
USERNAME=santy
OS=Windows_NT
PROCESSOR_IDENTIFIER=Intel64 Family 6 Model 141 Stepping 1, GenuineIntel
TMP=C:\Users\santy\AppData\Local\Temp
TEMP=C:\Users\santy\AppData\Local\Temp




Periodic native trim disabled

---------------  S Y S T E M  ---------------

OS:
 Windows 11 , 64 bit Build 26100 (10.0.26100.3912)
OS uptime: 0 days 0:34 hours
Hyper-V role detected

CPU: total 12 (initial active 12) (6 cores per cpu, 2 threads per core) family 6 model 141 stepping 1 microcode 0x4e, cx8, cmov, fxsr, ht, mmx, 3dnowpref, sse, sse2, sse3, ssse3, sse4.1, sse4.2, popcnt, lzcnt, tsc, tscinvbit, avx, avx2, aes, erms, clmul, bmi1, bmi2, adx, avx512f, avx512dq, avx512cd, avx512bw, avx512vl, sha, fma, vzeroupper, avx512_vpopcntdq, avx512_vpclmulqdq, avx512_vaes, avx512_vnni, clflush, clflushopt, clwb, avx512_vbmi2, avx512_vbmi, hv, rdtscp, rdpid, fsrm, gfni, avx512_bitalg, f16c, cet_ibt, cet_ss, avx512_ifma
Processor Information for the first 12 processors :
  Max Mhz: 2688, Current Mhz: 2688, Mhz Limit: 2688

Memory: 4k page, system-wide physical 7830M (377M free)
TotalPageFile size 31382M (AvailPageFile size 7M)
current process WorkingSet (physical memory assigned to process): 82M, peak: 83M
current process commit charge ("private bytes"): 206M, peak: 208M

vm_info: OpenJDK 64-Bit Server VM (21.0.7+6-LTS) for windows-amd64 JRE (21.0.7+6-LTS), built on 2025-04-15T00:00:00Z by "admin" with MS VC++ 17.7 (VS2022)

END.
