#
# There is insufficient memory for the Java Runtime Environment to continue.
# Native memory allocation (malloc) failed to allocate 402704 bytes. Error detail: Chunk::new
# Possible reasons:
#   The system is out of physical RAM or swap space
#   This process is running with CompressedOops enabled, and the Java Heap may be blocking the growth of the native heap
# Possible solutions:
#   Reduce memory load on the system
#   Increase physical memory or swap space
#   Check if swap backing store is full
#   Decrease Java heap size (-Xmx/-Xms)
#   Decrease number of Java threads
#   Decrease Java thread stack sizes (-Xss)
#   Set larger code cache with -XX:ReservedCodeCacheSize=
#   JVM is running with Unscaled Compressed Oops mode in which the Java heap is
#     placed in the first 4GB address space. The Java Heap base address is the
#     maximum limit for the native heap growth. Please use -XX:HeapBaseMinAddress
#     to set the Java Heap base and to place the Java Heap above 4GB virtual address.
# This output file may be truncated or incomplete.
#
#  Out of Memory Error (arena.cpp:168), pid=17136, tid=8416
#
# JRE version: OpenJDK Runtime Environment Temurin-21.0.7+6 (21.0.7+6) (build 21.0.7+6-LTS)
# Java VM: OpenJDK 64-Bit Server VM Temurin-21.0.7+6 (21.0.7+6-LTS, mixed mode, sharing, tiered, compressed oops, compressed class ptrs, parallel gc, windows-amd64)
# No core dump will be written. Minidumps are not enabled by default on client versions of Windows
#

---------------  S U M M A R Y ------------

Command Line: --add-modules=ALL-SYSTEM --add-opens=java.base/java.util=ALL-UNNAMED --add-opens=java.base/java.lang=ALL-UNNAMED --add-opens=java.base/sun.nio.fs=ALL-UNNAMED -Declipse.application=org.eclipse.jdt.ls.core.id1 -Dosgi.bundles.defaultStartLevel=4 -Declipse.product=org.eclipse.jdt.ls.core.product -Djava.import.generatesMetadataFilesAtProjectRoot=false -DDetectVMInstallationsJob.disabled=true -Dfile.encoding=utf8 -XX:+UseParallelGC -XX:GCTimeRatio=4 -XX:AdaptiveSizePolicyWeight=90 -Dsun.zip.disableMemoryMapping=true -Xmx1G -Xms100m -Xlog:disable -javaagent:c:\Users\santy\.vscode\extensions\redhat.java-1.42.0-win32-x64\lombok\lombok-1.18.36.jar -XX:+HeapDumpOnOutOfMemoryError -XX:HeapDumpPath=c:\Users\santy\AppData\Roaming\Code\User\workspaceStorage\0a76d4bd7d16ebb6aad7bda8e9b40fa5\redhat.java -Daether.dependencyCollector.impl=bf c:\Users\santy\.vscode\extensions\redhat.java-1.42.0-win32-x64\server\plugins\org.eclipse.equinox.launcher_1.7.0.v20250424-1814.jar -configuration c:\Users\santy\AppData\Roaming\Code\User\globalStorage\redhat.java\1.42.0\config_win -data c:\Users\santy\AppData\Roaming\Code\User\workspaceStorage\0a76d4bd7d16ebb6aad7bda8e9b40fa5\redhat.java\jdt_ws --pipe=\\.\pipe\lsp-428977fd98ebc38c46896d939dcb28de-sock

Host: 11th Gen Intel(R) Core(TM) i5-11400H @ 2.70GHz, 12 cores, 7G,  Windows 11 , 64 bit Build 26100 (10.0.26100.3912)
Time: Mon May 26 15:50:22 2025 SA Pacific Standard Time elapsed time: 107.862596 seconds (0d 0h 1m 47s)

---------------  T H R E A D  ---------------

Current thread (0x0000017ee02a35b0):  JavaThread "C2 CompilerThread0" daemon [_thread_in_native, id=8416, stack(0x0000000a2c800000,0x0000000a2c900000) (1024K)]


Current CompileTask:
C2:107862 2940 %     4       sun.nio.fs.WindowsPathParser::normalize @ 18 (233 bytes)

Stack: [0x0000000a2c800000,0x0000000a2c900000]
Native frames: (J=compiled Java code, j=interpreted, Vv=VM code, C=native code)
V  [jvm.dll+0x6ce119]
V  [jvm.dll+0x8a84a1]
V  [jvm.dll+0x8aa9ce]
V  [jvm.dll+0x8ab0b3]
V  [jvm.dll+0x27f8a6]
V  [jvm.dll+0xc507d]
V  [jvm.dll+0xc55b3]
V  [jvm.dll+0x3b692c]
V  [jvm.dll+0x382aa5]
V  [jvm.dll+0x381f0a]
V  [jvm.dll+0x247af0]
V  [jvm.dll+0x2470cf]
V  [jvm.dll+0x1c760e]
V  [jvm.dll+0x25695a]
V  [jvm.dll+0x254efa]
V  [jvm.dll+0x3f03f6]
V  [jvm.dll+0x851f6b]
V  [jvm.dll+0x6cc7dd]
C  [ucrtbase.dll+0x37b0]
C  [KERNEL32.DLL+0x2e8d7]
C  [ntdll.dll+0x9c5dc]


---------------  P R O C E S S  ---------------

Threads class SMR info:
_java_thread_list=0x0000017efbc89f70, length=17, elements={
0x0000017ee01f3470, 0x0000017ef45de540, 0x0000017ee0299690, 0x0000017ee029b680,
0x0000017ee029c2d0, 0x0000017ee029cf20, 0x0000017ee02a0370, 0x0000017ee02a35b0,
0x0000017ef5a6c7f0, 0x0000017ef5b25a30, 0x0000017ef5d6d360, 0x0000017efb690150,
0x0000017ef5dc2670, 0x0000017efb3f7d30, 0x0000017efb3f8390, 0x0000017ef5dc05e0,
0x0000017efbc6c010
}

Java Threads: ( => current thread )
  0x0000017ee01f3470 JavaThread "main"                              [_thread_blocked, id=17144, stack(0x0000000a2be00000,0x0000000a2bf00000) (1024K)]
  0x0000017ef45de540 JavaThread "Reference Handler"          daemon [_thread_blocked, id=8204, stack(0x0000000a2c200000,0x0000000a2c300000) (1024K)]
  0x0000017ee0299690 JavaThread "Finalizer"                  daemon [_thread_blocked, id=8040, stack(0x0000000a2c300000,0x0000000a2c400000) (1024K)]
  0x0000017ee029b680 JavaThread "Signal Dispatcher"          daemon [_thread_blocked, id=3348, stack(0x0000000a2c400000,0x0000000a2c500000) (1024K)]
  0x0000017ee029c2d0 JavaThread "Attach Listener"            daemon [_thread_blocked, id=17056, stack(0x0000000a2c500000,0x0000000a2c600000) (1024K)]
  0x0000017ee029cf20 JavaThread "Service Thread"             daemon [_thread_blocked, id=6132, stack(0x0000000a2c600000,0x0000000a2c700000) (1024K)]
  0x0000017ee02a0370 JavaThread "Monitor Deflation Thread"   daemon [_thread_blocked, id=12100, stack(0x0000000a2c700000,0x0000000a2c800000) (1024K)]
=>0x0000017ee02a35b0 JavaThread "C2 CompilerThread0"         daemon [_thread_in_native, id=8416, stack(0x0000000a2c800000,0x0000000a2c900000) (1024K)]
  0x0000017ef5a6c7f0 JavaThread "C1 CompilerThread0"         daemon [_thread_in_native, id=17140, stack(0x0000000a2c900000,0x0000000a2ca00000) (1024K)]
  0x0000017ef5b25a30 JavaThread "Common-Cleaner"             daemon [_thread_blocked, id=17192, stack(0x0000000a2ca00000,0x0000000a2cb00000) (1024K)]
  0x0000017ef5d6d360 JavaThread "Notification Thread"        daemon [_thread_blocked, id=7032, stack(0x0000000a2cc00000,0x0000000a2cd00000) (1024K)]
  0x0000017efb690150 JavaThread "Active Thread: Equinox Container: 6b112e5f-abb8-4d9c-920e-11070ff09ca5"        [_thread_blocked, id=12472, stack(0x0000000a2d300000,0x0000000a2d400000) (1024K)]
  0x0000017ef5dc2670 JavaThread "Refresh Thread: Equinox Container: 6b112e5f-abb8-4d9c-920e-11070ff09ca5" daemon [_thread_blocked, id=41404, stack(0x0000000a2cb00000,0x0000000a2cc00000) (1024K)]
  0x0000017efb3f7d30 JavaThread "Framework Event Dispatcher: Equinox Container: 6b112e5f-abb8-4d9c-920e-11070ff09ca5" daemon [_thread_blocked, id=41516, stack(0x0000000a2d500000,0x0000000a2d600000) (1024K)]
  0x0000017efb3f8390 JavaThread "Start Level: Equinox Container: 6b112e5f-abb8-4d9c-920e-11070ff09ca5" daemon [_thread_in_vm, id=41528, stack(0x0000000a2d600000,0x0000000a2d700000) (1024K)]
  0x0000017ef5dc05e0 JavaThread "Bundle File Closer"         daemon [_thread_blocked, id=45676, stack(0x0000000a2d900000,0x0000000a2da00000) (1024K)]
  0x0000017efbc6c010 JavaThread "SCR Component Actor"        daemon [_thread_blocked, id=17524, stack(0x0000000a2bc00000,0x0000000a2bd00000) (1024K)]
Total: 17

Other Threads:
  0x0000017ee028f770 VMThread "VM Thread"                           [id=17060, stack(0x0000000a2c100000,0x0000000a2c200000) (1024K)]
  0x0000017ee0260b70 WatcherThread "VM Periodic Task Thread"        [id=16528, stack(0x0000000a2c000000,0x0000000a2c100000) (1024K)]
  0x0000017ee0211b80 WorkerThread "GC Thread#0"                     [id=9500, stack(0x0000000a2bf00000,0x0000000a2c000000) (1024K)]
  0x0000017efb61bd30 WorkerThread "GC Thread#1"                     [id=6956, stack(0x0000000a2cd00000,0x0000000a2ce00000) (1024K)]
  0x0000017efb61c4e0 WorkerThread "GC Thread#2"                     [id=4836, stack(0x0000000a2ce00000,0x0000000a2cf00000) (1024K)]
  0x0000017efb61c880 WorkerThread "GC Thread#3"                     [id=5464, stack(0x0000000a2cf00000,0x0000000a2d000000) (1024K)]
  0x0000017efb4b9610 WorkerThread "GC Thread#4"                     [id=7424, stack(0x0000000a2d000000,0x0000000a2d100000) (1024K)]
  0x0000017efb4b99b0 WorkerThread "GC Thread#5"                     [id=7328, stack(0x0000000a2d100000,0x0000000a2d200000) (1024K)]
  0x0000017efb4b9d50 WorkerThread "GC Thread#6"                     [id=17236, stack(0x0000000a2d200000,0x0000000a2d300000) (1024K)]
  0x0000017efb86f7f0 WorkerThread "GC Thread#7"                     [id=41444, stack(0x0000000a2d400000,0x0000000a2d500000) (1024K)]
  0x0000017efb050f40 WorkerThread "GC Thread#8"                     [id=45660, stack(0x0000000a2bb00000,0x0000000a2bc00000) (1024K)]
  0x0000017efb052500 WorkerThread "GC Thread#9"                     [id=45664, stack(0x0000000a2d700000,0x0000000a2d800000) (1024K)]
Total: 12

Threads with active compile tasks:
C2 CompilerThread0  107886 2940 %     4       sun.nio.fs.WindowsPathParser::normalize @ 18 (233 bytes)
Total: 1

VM state: not at safepoint (normal execution)

VM Mutex/Monitor currently owned by a thread: None

Heap address: 0x00000000c0000000, size: 1024 MB, Compressed Oops mode: 32-bit

CDS archive(s) mapped at: [0x0000017e80000000-0x0000017e80ba0000-0x0000017e80ba0000), size 12189696, SharedBaseAddress: 0x0000017e80000000, ArchiveRelocationMode: 1.
Compressed class space mapped at: 0x0000017e81000000-0x0000017ec1000000, reserved size: 1073741824
Narrow klass base: 0x0000017e80000000, Narrow klass shift: 0, Narrow klass range: 0x100000000

GC Precious Log:
 CardTable entry size: 512
 CPUs: 12 total, 12 available
 Memory: 7830M
 Large Page Support: Disabled
 NUMA Support: Disabled
 Compressed Oops: Enabled (32-bit)
 Alignments: Space 512K, Generation 512K, Heap 2M
 Heap Min Capacity: 100M
 Heap Initial Capacity: 100M
 Heap Max Capacity: 1G
 Pre-touch: Disabled
 Parallel Workers: 10

Heap:
 PSYoungGen      total 29696K, used 13618K [0x00000000eab00000, 0x00000000ecc00000, 0x0000000100000000)
  eden space 25600K, 37% used [0x00000000eab00000,0x00000000eb451a70,0x00000000ec400000)
  from space 4096K, 99% used [0x00000000ec800000,0x00000000ecbfae00,0x00000000ecc00000)
  to   space 4096K, 0% used [0x00000000ec400000,0x00000000ec400000,0x00000000ec800000)
 ParOldGen       total 68608K, used 6693K [0x00000000c0000000, 0x00000000c4300000, 0x00000000eab00000)
  object space 68608K, 9% used [0x00000000c0000000,0x00000000c0689448,0x00000000c4300000)
 Metaspace       used 12733K, committed 13184K, reserved 1114112K
  class space    used 1269K, committed 1472K, reserved 1048576K

Card table byte_map: [0x0000017edfb90000,0x0000017edfda0000] _byte_map_base: 0x0000017edf590000

Marking Bits: (ParMarkBitMap*) 0x00007ffb1cdb31f0
 Begin Bits: [0x0000017ef23e0000, 0x0000017ef33e0000)
 End Bits:   [0x0000017ef33e0000, 0x0000017ef43e0000)

Polling page: 0x0000017edde60000

Metaspace:

Usage:
  Non-class:     11.20 MB used.
      Class:      1.24 MB used.
       Both:     12.44 MB used.

Virtual space:
  Non-class space:       64.00 MB reserved,      11.44 MB ( 18%) committed,  1 nodes.
      Class space:        1.00 GB reserved,       1.44 MB ( <1%) committed,  1 nodes.
             Both:        1.06 GB reserved,      12.88 MB (  1%) committed. 

Chunk freelists:
   Non-Class:  3.88 MB
       Class:  14.60 MB
        Both:  18.49 MB

MaxMetaspaceSize: unlimited
CompressedClassSpaceSize: 1.00 GB
Initial GC threshold: 21.00 MB
Current GC threshold: 21.00 MB
CDS: on
 - commit_granule_bytes: 65536.
 - commit_granule_words: 8192.
 - virtual_space_node_default_size: 8388608.
 - enlarge_chunks_in_place: 1.
 - use_allocation_guard: 0.


Internal statistics:

num_allocs_failed_limit: 0.
num_arena_births: 306.
num_arena_deaths: 0.
num_vsnodes_births: 2.
num_vsnodes_deaths: 0.
num_space_committed: 206.
num_space_uncommitted: 0.
num_chunks_returned_to_freelist: 0.
num_chunks_taken_from_freelist: 651.
num_chunk_merges: 0.
num_chunk_splits: 426.
num_chunks_enlarged: 293.
num_inconsistent_stats: 0.

CodeHeap 'non-profiled nmethods': size=120000Kb used=1296Kb max_used=1296Kb free=118703Kb
 bounds [0x0000017eeaeb0000, 0x0000017eeb120000, 0x0000017ef23e0000]
CodeHeap 'profiled nmethods': size=120000Kb used=6136Kb max_used=6136Kb free=113863Kb
 bounds [0x0000017ee33e0000, 0x0000017ee39e0000, 0x0000017eea910000]
CodeHeap 'non-nmethods': size=5760Kb used=1251Kb max_used=1268Kb free=4508Kb
 bounds [0x0000017eea910000, 0x0000017eeab80000, 0x0000017eeaeb0000]
 total_blobs=3468 nmethods=2961 adapters=413
 compilation: enabled
              stopped_count=0, restarted_count=0
 full_count=0

Compilation events (20 events):
Event: 105.809 Thread 0x0000017ee02a35b0 nmethod 2887 0x0000017eeaff3a10 code [0x0000017eeaff3ba0, 0x0000017eeaff3c70]
Event: 105.829 Thread 0x0000017ee02a35b0 2938       4       jdk.internal.misc.Unsafe::getInt (7 bytes)
Event: 105.830 Thread 0x0000017ee02a35b0 nmethod 2938 0x0000017eeaff3d10 code [0x0000017eeaff3ea0, 0x0000017eeaff3f30]
Event: 105.832 Thread 0x0000017ef5a6c7f0 2939       3       org.eclipse.core.internal.registry.KeyedHashSet::getByKey (113 bytes)
Event: 105.832 Thread 0x0000017ee02a35b0 2940 %     4       sun.nio.fs.WindowsPathParser::normalize @ 18 (233 bytes)
Event: 105.833 Thread 0x0000017ef5a6c7f0 nmethod 2939 0x0000017ee39d1110 code [0x0000017ee39d1380, 0x0000017ee39d1cf0]
Event: 105.837 Thread 0x0000017ef5a6c7f0 2941       3       java.util.zip.Inflater::<init> (28 bytes)
Event: 105.837 Thread 0x0000017ef5a6c7f0 nmethod 2941 0x0000017ee39d2090 code [0x0000017ee39d2280, 0x0000017ee39d2698]
Event: 105.837 Thread 0x0000017ef5a6c7f0 2942       3       com.sun.org.apache.xerces.internal.impl.XMLDocumentFragmentScannerImpl::getFeatureDefault (36 bytes)
Event: 105.838 Thread 0x0000017ef5a6c7f0 nmethod 2942 0x0000017ee39d2890 code [0x0000017ee39d2a60, 0x0000017ee39d2cf0]
Event: 105.843 Thread 0x0000017ef5a6c7f0 2945       3       java.util.HashMap::clear (50 bytes)
Event: 105.843 Thread 0x0000017ef5a6c7f0 nmethod 2945 0x0000017ee39d2e10 code [0x0000017ee39d2fc0, 0x0000017ee39d3330]
Event: 105.847 Thread 0x0000017ef5a6c7f0 2947       3       org.eclipse.core.internal.registry.Extension::getExtensionPointIdentifier (15 bytes)
Event: 105.847 Thread 0x0000017ef5a6c7f0 nmethod 2947 0x0000017ee39d3490 code [0x0000017ee39d3640, 0x0000017ee39d3800]
Event: 105.847 Thread 0x0000017ef5a6c7f0 2948       3       org.eclipse.core.internal.registry.Extension::getExtraData (100 bytes)
Event: 105.848 Thread 0x0000017ef5a6c7f0 nmethod 2948 0x0000017ee39d3910 code [0x0000017ee39d3b60, 0x0000017ee39d49e8]
Event: 105.848 Thread 0x0000017ef5a6c7f0 2949       3       com.sun.org.apache.xerces.internal.impl.dtd.XMLDTDValidator::getPropertyDefault (36 bytes)
Event: 105.848 Thread 0x0000017ef5a6c7f0 nmethod 2949 0x0000017ee39d4d10 code [0x0000017ee39d4ee0, 0x0000017ee39d5170]
Event: 105.848 Thread 0x0000017ef5a6c7f0 2950       3       com.sun.org.apache.xerces.internal.jaxp.SAXParserFactoryImpl::getFromFeatures (36 bytes)
Event: 105.848 Thread 0x0000017ef5a6c7f0 nmethod 2950 0x0000017ee39d5290 code [0x0000017ee39d5460, 0x0000017ee39d57f0]

GC Heap History (8 events):
Event: 1.136 GC heap before
{Heap before GC invocations=1 (full 0):
 PSYoungGen      total 29696K, used 25600K [0x00000000eab00000, 0x00000000ecc00000, 0x0000000100000000)
  eden space 25600K, 100% used [0x00000000eab00000,0x00000000ec400000,0x00000000ec400000)
  from space 4096K, 0% used [0x00000000ec800000,0x00000000ec800000,0x00000000ecc00000)
  to   space 4096K, 0% used [0x00000000ec400000,0x00000000ec400000,0x00000000ec800000)
 ParOldGen       total 68608K, used 0K [0x00000000c0000000, 0x00000000c4300000, 0x00000000eab00000)
  object space 68608K, 0% used [0x00000000c0000000,0x00000000c0000000,0x00000000c4300000)
 Metaspace       used 4357K, committed 4608K, reserved 1114112K
  class space    used 460K, committed 576K, reserved 1048576K
}
Event: 1.147 GC heap after
{Heap after GC invocations=1 (full 0):
 PSYoungGen      total 29696K, used 3270K [0x00000000eab00000, 0x00000000ecc00000, 0x0000000100000000)
  eden space 25600K, 0% used [0x00000000eab00000,0x00000000eab00000,0x00000000ec400000)
  from space 4096K, 79% used [0x00000000ec400000,0x00000000ec731870,0x00000000ec800000)
  to   space 4096K, 0% used [0x00000000ec800000,0x00000000ec800000,0x00000000ecc00000)
 ParOldGen       total 68608K, used 16K [0x00000000c0000000, 0x00000000c4300000, 0x00000000eab00000)
  object space 68608K, 0% used [0x00000000c0000000,0x00000000c0004000,0x00000000c4300000)
 Metaspace       used 4357K, committed 4608K, reserved 1114112K
  class space    used 460K, committed 576K, reserved 1048576K
}
Event: 18.943 GC heap before
{Heap before GC invocations=2 (full 0):
 PSYoungGen      total 29696K, used 28835K [0x00000000eab00000, 0x00000000ecc00000, 0x0000000100000000)
  eden space 25600K, 99% used [0x00000000eab00000,0x00000000ec3f75c0,0x00000000ec400000)
  from space 4096K, 79% used [0x00000000ec400000,0x00000000ec731870,0x00000000ec800000)
  to   space 4096K, 0% used [0x00000000ec800000,0x00000000ec800000,0x00000000ecc00000)
 ParOldGen       total 68608K, used 16K [0x00000000c0000000, 0x00000000c4300000, 0x00000000eab00000)
  object space 68608K, 0% used [0x00000000c0000000,0x00000000c0004000,0x00000000c4300000)
 Metaspace       used 8088K, committed 8384K, reserved 1114112K
  class space    used 816K, committed 960K, reserved 1048576K
}
Event: 18.959 GC heap after
{Heap after GC invocations=2 (full 0):
 PSYoungGen      total 29696K, used 4065K [0x00000000eab00000, 0x00000000ecc00000, 0x0000000100000000)
  eden space 25600K, 0% used [0x00000000eab00000,0x00000000eab00000,0x00000000ec400000)
  from space 4096K, 99% used [0x00000000ec800000,0x00000000ecbf8750,0x00000000ecc00000)
  to   space 4096K, 0% used [0x00000000ec400000,0x00000000ec400000,0x00000000ec800000)
 ParOldGen       total 68608K, used 1882K [0x00000000c0000000, 0x00000000c4300000, 0x00000000eab00000)
  object space 68608K, 2% used [0x00000000c0000000,0x00000000c01d6a10,0x00000000c4300000)
 Metaspace       used 8088K, committed 8384K, reserved 1114112K
  class space    used 816K, committed 960K, reserved 1048576K
}
Event: 34.376 GC heap before
{Heap before GC invocations=3 (full 0):
 PSYoungGen      total 29696K, used 29665K [0x00000000eab00000, 0x00000000ecc00000, 0x0000000100000000)
  eden space 25600K, 100% used [0x00000000eab00000,0x00000000ec400000,0x00000000ec400000)
  from space 4096K, 99% used [0x00000000ec800000,0x00000000ecbf8750,0x00000000ecc00000)
  to   space 4096K, 0% used [0x00000000ec400000,0x00000000ec400000,0x00000000ec800000)
 ParOldGen       total 68608K, used 1882K [0x00000000c0000000, 0x00000000c4300000, 0x00000000eab00000)
  object space 68608K, 2% used [0x00000000c0000000,0x00000000c01d6a10,0x00000000c4300000)
 Metaspace       used 9602K, committed 9920K, reserved 1114112K
  class space    used 976K, committed 1152K, reserved 1048576K
}
Event: 34.382 GC heap after
{Heap after GC invocations=3 (full 0):
 PSYoungGen      total 29696K, used 4085K [0x00000000eab00000, 0x00000000ecc00000, 0x0000000100000000)
  eden space 25600K, 0% used [0x00000000eab00000,0x00000000eab00000,0x00000000ec400000)
  from space 4096K, 99% used [0x00000000ec400000,0x00000000ec7fd6f0,0x00000000ec800000)
  to   space 4096K, 0% used [0x00000000ec800000,0x00000000ec800000,0x00000000ecc00000)
 ParOldGen       total 68608K, used 4568K [0x00000000c0000000, 0x00000000c4300000, 0x00000000eab00000)
  object space 68608K, 6% used [0x00000000c0000000,0x00000000c0476398,0x00000000c4300000)
 Metaspace       used 9602K, committed 9920K, reserved 1114112K
  class space    used 976K, committed 1152K, reserved 1048576K
}
Event: 99.714 GC heap before
{Heap before GC invocations=4 (full 0):
 PSYoungGen      total 29696K, used 29685K [0x00000000eab00000, 0x00000000ecc00000, 0x0000000100000000)
  eden space 25600K, 100% used [0x00000000eab00000,0x00000000ec400000,0x00000000ec400000)
  from space 4096K, 99% used [0x00000000ec400000,0x00000000ec7fd6f0,0x00000000ec800000)
  to   space 4096K, 0% used [0x00000000ec800000,0x00000000ec800000,0x00000000ecc00000)
 ParOldGen       total 68608K, used 4568K [0x00000000c0000000, 0x00000000c4300000, 0x00000000eab00000)
  object space 68608K, 6% used [0x00000000c0000000,0x00000000c0476398,0x00000000c4300000)
 Metaspace       used 12024K, committed 12416K, reserved 1114112K
  class space    used 1226K, committed 1408K, reserved 1048576K
}
Event: 99.719 GC heap after
{Heap after GC invocations=4 (full 0):
 PSYoungGen      total 29696K, used 4075K [0x00000000eab00000, 0x00000000ecc00000, 0x0000000100000000)
  eden space 25600K, 0% used [0x00000000eab00000,0x00000000eab00000,0x00000000ec400000)
  from space 4096K, 99% used [0x00000000ec800000,0x00000000ecbfae00,0x00000000ecc00000)
  to   space 4096K, 0% used [0x00000000ec400000,0x00000000ec400000,0x00000000ec800000)
 ParOldGen       total 68608K, used 6693K [0x00000000c0000000, 0x00000000c4300000, 0x00000000eab00000)
  object space 68608K, 9% used [0x00000000c0000000,0x00000000c0689448,0x00000000c4300000)
 Metaspace       used 12024K, committed 12416K, reserved 1114112K
  class space    used 1226K, committed 1408K, reserved 1048576K
}

Dll operation events (9 events):
Event: 0.015 Loaded shared library c:\Users\santy\.vscode\extensions\redhat.java-1.42.0-win32-x64\jre\21.0.7-win32-x86_64\bin\java.dll
Event: 0.119 Loaded shared library c:\Users\santy\.vscode\extensions\redhat.java-1.42.0-win32-x64\jre\21.0.7-win32-x86_64\bin\zip.dll
Event: 0.157 Loaded shared library C:\Users\santy\.vscode\extensions\redhat.java-1.42.0-win32-x64\jre\21.0.7-win32-x86_64\bin\instrument.dll
Event: 0.165 Loaded shared library C:\Users\santy\.vscode\extensions\redhat.java-1.42.0-win32-x64\jre\21.0.7-win32-x86_64\bin\net.dll
Event: 0.168 Loaded shared library C:\Users\santy\.vscode\extensions\redhat.java-1.42.0-win32-x64\jre\21.0.7-win32-x86_64\bin\nio.dll
Event: 0.173 Loaded shared library C:\Users\santy\.vscode\extensions\redhat.java-1.42.0-win32-x64\jre\21.0.7-win32-x86_64\bin\zip.dll
Event: 0.201 Loaded shared library C:\Users\santy\.vscode\extensions\redhat.java-1.42.0-win32-x64\jre\21.0.7-win32-x86_64\bin\jimage.dll
Event: 0.307 Loaded shared library c:\Users\santy\.vscode\extensions\redhat.java-1.42.0-win32-x64\jre\21.0.7-win32-x86_64\bin\verify.dll
Event: 18.957 Loaded shared library C:\Users\santy\AppData\Roaming\Code\User\globalStorage\redhat.java\1.42.0\config_win\org.eclipse.equinox.launcher\org.eclipse.equinox.launcher.win32.win32.x86_64_1.2.1300.v20250331-1702\eclipse_11911.dll

Deoptimization events (20 events):
Event: 103.592 Thread 0x0000017efb3f8390 DEOPT PACKING pc=0x0000017eeafb6c14 sp=0x0000000a2d6f77c0
Event: 103.592 Thread 0x0000017efb3f8390 DEOPT UNPACKING pc=0x0000017eea966da2 sp=0x0000000a2d6f77b0 mode 2
Event: 103.604 Thread 0x0000017efb3f8390 Uncommon trap: trap_request=0xffffffde fr.pc=0x0000017eeaf35cfc relative=0x000000000000063c
Event: 103.604 Thread 0x0000017efb3f8390 Uncommon trap: reason=class_check action=maybe_recompile pc=0x0000017eeaf35cfc method=java.io.BufferedInputStream.implRead([BII)I @ 100 c2
Event: 103.604 Thread 0x0000017efb3f8390 DEOPT PACKING pc=0x0000017eeaf35cfc sp=0x0000000a2d6f8770
Event: 103.604 Thread 0x0000017efb3f8390 DEOPT UNPACKING pc=0x0000017eea966da2 sp=0x0000000a2d6f8748 mode 2
Event: 103.606 Thread 0x0000017efb3f8390 Uncommon trap: trap_request=0xffffff45 fr.pc=0x0000017eeaf35cd0 relative=0x0000000000000610
Event: 103.606 Thread 0x0000017efb3f8390 Uncommon trap: reason=unstable_if action=reinterpret pc=0x0000017eeaf35cd0 method=java.io.BufferedInputStream.implRead([BII)I @ 55 c2
Event: 103.606 Thread 0x0000017efb3f8390 DEOPT PACKING pc=0x0000017eeaf35cd0 sp=0x0000000a2d6f8770
Event: 103.606 Thread 0x0000017efb3f8390 DEOPT UNPACKING pc=0x0000017eea966da2 sp=0x0000000a2d6f8748 mode 2
Event: 104.753 Thread 0x0000017efb3f8390 Uncommon trap: trap_request=0xffffff45 fr.pc=0x0000017eeafeb6e0 relative=0x0000000000000360
Event: 104.753 Thread 0x0000017efb3f8390 Uncommon trap: reason=unstable_if action=reinterpret pc=0x0000017eeafeb6e0 method=com.sun.org.apache.xerces.internal.impl.XMLEntityScanner.scanLiteral(ILcom/sun/org/apache/xerces/internal/xni/XMLString;Z)I @ 189 c2
Event: 104.753 Thread 0x0000017efb3f8390 DEOPT PACKING pc=0x0000017eeafeb6e0 sp=0x0000000a2d6f8780
Event: 104.753 Thread 0x0000017efb3f8390 DEOPT UNPACKING pc=0x0000017eea966da2 sp=0x0000000a2d6f8710 mode 2
Event: 105.771 Thread 0x0000017efb3f8390 Uncommon trap: trap_request=0xffffff45 fr.pc=0x0000017eeafe9f28 relative=0x0000000000000088
Event: 105.771 Thread 0x0000017efb3f8390 Uncommon trap: reason=unstable_if action=reinterpret pc=0x0000017eeafe9f28 method=com.sun.org.apache.xerces.internal.impl.XMLEntityScanner.checkBeforeLoad(Lcom/sun/xml/internal/stream/Entity$ScannedEntity;II)I @ 18 c2
Event: 105.771 Thread 0x0000017efb3f8390 DEOPT PACKING pc=0x0000017eeafe9f28 sp=0x0000000a2d6f88e0
Event: 105.771 Thread 0x0000017efb3f8390 DEOPT UNPACKING pc=0x0000017eea966da2 sp=0x0000000a2d6f8850 mode 2
Event: 105.783 Thread 0x0000017efb3f8390 DEOPT PACKING pc=0x0000017ee39538a8 sp=0x0000000a2d6f8970
Event: 105.783 Thread 0x0000017efb3f8390 DEOPT UNPACKING pc=0x0000017eea9678e2 sp=0x0000000a2d6f7e30 mode 0

Classes loaded (20 events):
Event: 99.657 Loading class java/io/CharConversionException done
Event: 99.657 Loading class com/sun/org/apache/xerces/internal/impl/io/MalformedByteSequenceException done
Event: 99.665 Loading class java/util/concurrent/CompletionStage
Event: 99.666 Loading class java/util/concurrent/CompletionStage done
Event: 99.667 Loading class java/util/Timer
Event: 99.667 Loading class java/util/Timer done
Event: 99.667 Loading class java/util/TaskQueue
Event: 99.667 Loading class java/util/TaskQueue done
Event: 99.667 Loading class java/util/TimerThread
Event: 99.667 Loading class java/util/TimerThread done
Event: 99.667 Loading class java/util/Timer$ThreadReaper
Event: 99.667 Loading class java/util/Timer$ThreadReaper done
Event: 99.676 Loading class java/util/concurrent/locks/ReentrantLock$FairSync
Event: 99.676 Loading class java/util/concurrent/locks/ReentrantLock$FairSync done
Event: 103.590 Loading class java/lang/IllegalCallerException
Event: 103.590 Loading class java/lang/IllegalCallerException done
Event: 103.595 Loading class java/lang/invoke/DirectMethodHandle$1
Event: 103.595 Loading class java/lang/invoke/DirectMethodHandle$1 done
Event: 103.599 Loading class org/xml/sax/SAXParseException
Event: 103.599 Loading class org/xml/sax/SAXParseException done

Classes unloaded (0 events):
No events

Classes redefined (0 events):
No events

Internal exceptions (20 events):
Event: 1.193 Thread 0x0000017ee01f3470 Implicit null exception at 0x0000017eeaf10a1a to 0x0000017eeaf10c24
Event: 1.193 Thread 0x0000017ee01f3470 Implicit null exception at 0x0000017eeaf0dd3d to 0x0000017eeaf0ddc1
Event: 1.250 Thread 0x0000017ee01f3470 Exception <a 'java/lang/NoSuchMethodError'{0x00000000eae517f0}: 'long java.lang.invoke.DirectMethodHandle$Holder.invokeStatic(java.lang.Object, java.lang.Object, int)'> (0x00000000eae517f0) 
thrown [s\src\hotspot\share\interpreter\linkResolver.cpp, line 773]
Event: 1.252 Thread 0x0000017ee01f3470 Exception <a 'java/lang/NoSuchMethodError'{0x00000000eae591e0}: 'java.lang.Object java.lang.invoke.DirectMethodHandle$Holder.invokeSpecial(java.lang.Object, java.lang.Object, java.lang.Object, java.lang.Object, long)'> (0x00000000eae591e0) 
thrown [s\src\hotspot\share\interpreter\linkResolver.cpp, line 773]
Event: 1.255 Thread 0x0000017ee01f3470 Exception <a 'java/lang/NoSuchMethodError'{0x00000000eae66bd8}: 'java.lang.Object java.lang.invoke.DirectMethodHandle$Holder.invokeSpecial(java.lang.Object, java.lang.Object, java.lang.Object, int, java.lang.Object)'> (0x00000000eae66bd8) 
thrown [s\src\hotspot\share\interpreter\linkResolver.cpp, line 773]
Event: 1.269 Thread 0x0000017ee01f3470 Exception <a 'java/lang/NoSuchMethodError'{0x00000000eae90440}: 'int java.lang.invoke.DirectMethodHandle$Holder.invokeStaticInit(java.lang.Object, java.lang.Object, java.lang.Object, java.lang.Object)'> (0x00000000eae90440) 
thrown [s\src\hotspot\share\interpreter\linkResolver.cpp, line 773]
Event: 1.272 Thread 0x0000017ee01f3470 Exception <a 'java/lang/IncompatibleClassChangeError'{0x00000000eae98940}: Found class java.lang.Object, but interface was expected> (0x00000000eae98940) 
thrown [s\src\hotspot\share\interpreter\linkResolver.cpp, line 840]
Event: 1.273 Thread 0x0000017ee01f3470 Exception <a 'java/lang/NoSuchMethodError'{0x00000000eae9cae0}: 'void java.lang.invoke.DirectMethodHandle$Holder.invokeStaticInit(java.lang.Object, java.lang.Object)'> (0x00000000eae9cae0) 
thrown [s\src\hotspot\share\interpreter\linkResolver.cpp, line 773]
Event: 1.274 Thread 0x0000017ee01f3470 Exception <a 'java/lang/NoSuchMethodError'{0x00000000eaea39b8}: 'int java.lang.invoke.DirectMethodHandle$Holder.invokeStaticInit(java.lang.Object, java.lang.Object)'> (0x00000000eaea39b8) 
thrown [s\src\hotspot\share\interpreter\linkResolver.cpp, line 773]
Event: 1.411 Thread 0x0000017ee01f3470 Exception <a 'java/lang/NoSuchMethodError'{0x00000000eb005688}: 'void java.lang.invoke.DirectMethodHandle$Holder.invokeSpecial(java.lang.Object, java.lang.Object, java.lang.Object)'> (0x00000000eb005688) 
thrown [s\src\hotspot\share\interpreter\linkResolver.cpp, line 773]
Event: 1.739 Thread 0x0000017ee01f3470 Exception <a 'java/lang/NoSuchMethodError'{0x00000000eb9ffe78}: 'int java.lang.invoke.DirectMethodHandle$Holder.invokeVirtual(java.lang.Object, java.lang.Object)'> (0x00000000eb9ffe78) 
thrown [s\src\hotspot\share\interpreter\linkResolver.cpp, line 773]
Event: 1.841 Thread 0x0000017ee01f3470 Exception <a 'java/lang/NoSuchMethodError'{0x00000000ebd6e6d8}: 'java.lang.Object java.lang.invoke.DirectMethodHandle$Holder.newInvokeSpecial(java.lang.Object, int, java.lang.Object)'> (0x00000000ebd6e6d8) 
thrown [s\src\hotspot\share\interpreter\linkResolver.cpp, line 773]
Event: 1.875 Thread 0x0000017ee01f3470 Exception <a 'java/lang/NoSuchMethodError'{0x00000000ebeefb58}: 'java.lang.Object java.lang.invoke.DirectMethodHandle$Holder.newInvokeSpecial(java.lang.Object, java.lang.Object, java.lang.Object, java.lang.Object, int, java.lang.Object)'> (0x00000000ebeefb58) 
thrown [s\src\hotspot\share\interpreter\linkResolver.cpp, line 773]
Event: 18.932 Thread 0x0000017ee01f3470 Exception <a 'java/lang/UnsatisfiedLinkError'{0x00000000ec38ec58}: 'void org.eclipse.equinox.launcher.JNIBridge._update_splash()'> (0x00000000ec38ec58) 
thrown [s\src\hotspot\share\prims\nativeLookup.cpp, line 415]
Event: 19.331 Thread 0x0000017efb3f8390 Exception <a 'java/lang/NoSuchMethodError'{0x00000000eb0f80d0}: 'java.lang.Object java.lang.invoke.DirectMethodHandle$Holder.newInvokeSpecial(java.lang.Object, java.lang.Object, int, java.lang.Object)'> (0x00000000eb0f80d0) 
thrown [s\src\hotspot\share\interpreter\linkResolver.cpp, line 773]
Event: 19.370 Thread 0x0000017efb3f8390 Exception <a 'java/lang/NoClassDefFoundError'{0x00000000eb1984c8}: jakarta/servlet/ServletContainerInitializer> (0x00000000eb1984c8) 
thrown [s\src\hotspot\share\classfile\systemDictionary.cpp, line 301]
Event: 19.492 Thread 0x0000017efb3f8390 Exception <a 'java/lang/ClassNotFoundException'{0x00000000eb2f0ab0}: sun/util/logging/resources/spi/loggingProvider> (0x00000000eb2f0ab0) 
thrown [s\src\hotspot\share\classfile\systemDictionary.cpp, line 312]
Event: 99.608 Thread 0x0000017efb3f8390 Exception <a 'java/lang/NullPointerException'{0x00000000ebb63da8}> (0x00000000ebb63da8) 
thrown [s\src\hotspot\share\interpreter\linkResolver.cpp, line 1372]
Event: 99.608 Thread 0x0000017efb3f8390 Exception <a 'java/lang/NullPointerException'{0x00000000ebb64088}> (0x00000000ebb64088) 
thrown [s\src\hotspot\share\interpreter\linkResolver.cpp, line 1372]
Event: 103.584 Thread 0x0000017efb3f8390 Exception <a 'java/lang/NoSuchMethodError'{0x00000000eac8d4a8}: 'void java.lang.invoke.Invokers$Holder.invokeExact_MT(java.lang.Object, java.lang.Object, java.lang.Object)'> (0x00000000eac8d4a8) 
thrown [s\src\hotspot\share\interpreter\linkResolver.cpp, line 773]

ZGC Phase Switch (0 events):
No events

VM Operations (20 events):
Event: 98.561 Executing VM operation: Cleanup
Event: 98.593 Executing VM operation: Cleanup done
Event: 99.599 Executing VM operation: Cleanup
Event: 99.599 Executing VM operation: Cleanup done
Event: 99.605 Executing VM operation: HandshakeAllThreads (Deoptimize)
Event: 99.605 Executing VM operation: HandshakeAllThreads (Deoptimize) done
Event: 99.676 Executing VM operation: HandshakeAllThreads (Deoptimize)
Event: 99.676 Executing VM operation: HandshakeAllThreads (Deoptimize) done
Event: 99.714 Executing VM operation: ParallelGCFailedAllocation (Allocation Failure)
Event: 99.719 Executing VM operation: ParallelGCFailedAllocation (Allocation Failure) done
Event: 100.733 Executing VM operation: Cleanup
Event: 100.733 Executing VM operation: Cleanup done
Event: 102.750 Executing VM operation: Cleanup
Event: 102.750 Executing VM operation: Cleanup done
Event: 103.758 Executing VM operation: Cleanup
Event: 104.708 Executing VM operation: Cleanup done
Event: 105.718 Executing VM operation: Cleanup
Event: 105.769 Executing VM operation: Cleanup done
Event: 106.770 Executing VM operation: Cleanup
Event: 106.770 Executing VM operation: Cleanup done

Memory protections (0 events):
No events

Nmethod flushes (0 events):
No events

Events (20 events):
Event: 0.062 Thread 0x0000017ee01f3470 Thread added: 0x0000017ee029cf20
Event: 0.062 Thread 0x0000017ee01f3470 Thread added: 0x0000017ee02a0370
Event: 0.062 Thread 0x0000017ee01f3470 Thread added: 0x0000017ee02a35b0
Event: 0.064 Thread 0x0000017ee01f3470 Thread added: 0x0000017ef5a6c7f0
Event: 0.099 Thread 0x0000017ee01f3470 Thread added: 0x0000017ef5b25a30
Event: 0.135 Thread 0x0000017ef5a6c7f0 Thread added: 0x0000017ef5c48dd0
Event: 0.462 Thread 0x0000017ee01f3470 Thread added: 0x0000017ef5d6d360
Event: 1.393 Thread 0x0000017ef5c48dd0 Thread exited: 0x0000017ef5c48dd0
Event: 1.408 Thread 0x0000017ef5a6c7f0 Thread added: 0x0000017efb3bc910
Event: 1.806 Thread 0x0000017ee01f3470 Thread added: 0x0000017efb690150
Event: 2.471 Thread 0x0000017efb3bc910 Thread exited: 0x0000017efb3bc910
Event: 18.925 Thread 0x0000017ee01f3470 Thread added: 0x0000017ef5dc2670
Event: 19.025 Thread 0x0000017ef5dc2670 Thread added: 0x0000017efb3f7d30
Event: 19.037 Thread 0x0000017ee01f3470 Thread added: 0x0000017efb3f8390
Event: 34.424 Thread 0x0000017ef5a6c7f0 Thread added: 0x0000017efb67b010
Event: 34.618 Thread 0x0000017efb3f8390 Thread added: 0x0000017ef5dc05e0
Event: 34.736 Thread 0x0000017efb67b010 Thread exited: 0x0000017efb67b010
Event: 97.560 Thread 0x0000017efb3f8390 Thread added: 0x0000017efbc6c010
Event: 99.667 Thread 0x0000017efb3f8390 Thread added: 0x0000017efbc6c670
Event: 104.709 Thread 0x0000017efbc6c670 Thread exited: 0x0000017efbc6c670


Dynamic libraries:
0x00007ff6570c0000 - 0x00007ff6570ce000 	c:\Users\santy\.vscode\extensions\redhat.java-1.42.0-win32-x64\jre\21.0.7-win32-x86_64\bin\java.exe
0x00007ffbaca80000 - 0x00007ffbacce6000 	C:\WINDOWS\SYSTEM32\ntdll.dll
0x00007ffbaab20000 - 0x00007ffbaabe9000 	C:\WINDOWS\System32\KERNEL32.DLL
0x00007ffbaa080000 - 0x00007ffbaa44c000 	C:\WINDOWS\System32\KERNELBASE.dll
0x00007ffba9db0000 - 0x00007ffba9efb000 	C:\WINDOWS\System32\ucrtbase.dll
0x00007ffb5e7c0000 - 0x00007ffb5e7de000 	c:\Users\santy\.vscode\extensions\redhat.java-1.42.0-win32-x64\jre\21.0.7-win32-x86_64\bin\VCRUNTIME140.dll
0x00007ffb3be50000 - 0x00007ffb3be68000 	c:\Users\santy\.vscode\extensions\redhat.java-1.42.0-win32-x64\jre\21.0.7-win32-x86_64\bin\jli.dll
0x00007ffbaac50000 - 0x00007ffbaae1a000 	C:\WINDOWS\System32\USER32.dll
0x00007ffb89c10000 - 0x00007ffb89eaa000 	C:\WINDOWS\WinSxS\amd64_microsoft.windows.common-controls_6595b64144ccf1df_6.0.26100.3912_none_3e07963ce335137e\COMCTL32.dll
0x00007ffba9c10000 - 0x00007ffba9c37000 	C:\WINDOWS\System32\win32u.dll
0x00007ffbac7f0000 - 0x00007ffbac899000 	C:\WINDOWS\System32\msvcrt.dll
0x00007ffbaca10000 - 0x00007ffbaca3b000 	C:\WINDOWS\System32\GDI32.dll
0x00007ffbaa670000 - 0x00007ffbaa7a2000 	C:\WINDOWS\System32\gdi32full.dll
0x00007ffba9d00000 - 0x00007ffba9da3000 	C:\WINDOWS\System32\msvcp_win.dll
0x00007ffbaac10000 - 0x00007ffbaac40000 	C:\WINDOWS\System32\IMM32.DLL
0x00007ffb7f620000 - 0x00007ffb7f62c000 	c:\Users\santy\.vscode\extensions\redhat.java-1.42.0-win32-x64\jre\21.0.7-win32-x86_64\bin\vcruntime140_1.dll
0x00007ffb26520000 - 0x00007ffb265ad000 	c:\Users\santy\.vscode\extensions\redhat.java-1.42.0-win32-x64\jre\21.0.7-win32-x86_64\bin\msvcp140.dll
0x00007ffb1c100000 - 0x00007ffb1ce90000 	c:\Users\santy\.vscode\extensions\redhat.java-1.42.0-win32-x64\jre\21.0.7-win32-x86_64\bin\server\jvm.dll
0x00007ffbab9f0000 - 0x00007ffbabaa2000 	C:\WINDOWS\System32\ADVAPI32.dll
0x00007ffbaa890000 - 0x00007ffbaa936000 	C:\WINDOWS\System32\sechost.dll
0x00007ffbabab0000 - 0x00007ffbabbc6000 	C:\WINDOWS\System32\RPCRT4.dll
0x00007ffbac8a0000 - 0x00007ffbac914000 	C:\WINDOWS\System32\WS2_32.dll
0x00007ffba88c0000 - 0x00007ffba891e000 	C:\WINDOWS\SYSTEM32\POWRPROF.dll
0x00007ffb96ff0000 - 0x00007ffb97026000 	C:\WINDOWS\SYSTEM32\WINMM.dll
0x00007ffba3010000 - 0x00007ffba301b000 	C:\WINDOWS\SYSTEM32\VERSION.dll
0x00007ffba88a0000 - 0x00007ffba88b4000 	C:\WINDOWS\SYSTEM32\UMPDC.dll
0x00007ffba8af0000 - 0x00007ffba8b0a000 	C:\WINDOWS\SYSTEM32\kernel.appcore.dll
0x00007ffb81760000 - 0x00007ffb8176a000 	c:\Users\santy\.vscode\extensions\redhat.java-1.42.0-win32-x64\jre\21.0.7-win32-x86_64\bin\jimage.dll
0x00007ffba6fd0000 - 0x00007ffba7211000 	C:\WINDOWS\SYSTEM32\DBGHELP.DLL
0x00007ffbac360000 - 0x00007ffbac6e4000 	C:\WINDOWS\System32\combase.dll
0x00007ffbac920000 - 0x00007ffbaca00000 	C:\WINDOWS\System32\OLEAUT32.dll
0x00007ffb83180000 - 0x00007ffb831b9000 	C:\WINDOWS\SYSTEM32\dbgcore.DLL
0x00007ffbaa450000 - 0x00007ffbaa4e9000 	C:\WINDOWS\System32\bcryptPrimitives.dll
0x00007ffb7acd0000 - 0x00007ffb7acdf000 	c:\Users\santy\.vscode\extensions\redhat.java-1.42.0-win32-x64\jre\21.0.7-win32-x86_64\bin\instrument.dll
0x00007ffb3be30000 - 0x00007ffb3be4f000 	c:\Users\santy\.vscode\extensions\redhat.java-1.42.0-win32-x64\jre\21.0.7-win32-x86_64\bin\java.dll
0x00007ffbaaf90000 - 0x00007ffbab6bd000 	C:\WINDOWS\System32\SHELL32.dll
0x00007ffba9f00000 - 0x00007ffbaa074000 	C:\WINDOWS\System32\wintypes.dll
0x00007ffba7870000 - 0x00007ffba80c6000 	C:\WINDOWS\SYSTEM32\windows.storage.dll
0x00007ffbac6f0000 - 0x00007ffbac7df000 	C:\WINDOWS\System32\SHCORE.dll
0x00007ffbab740000 - 0x00007ffbab7a9000 	C:\WINDOWS\System32\shlwapi.dll
0x00007ffba9b20000 - 0x00007ffba9b4f000 	C:\WINDOWS\SYSTEM32\profapi.dll
0x00007ffb3be10000 - 0x00007ffb3be28000 	c:\Users\santy\.vscode\extensions\redhat.java-1.42.0-win32-x64\jre\21.0.7-win32-x86_64\bin\zip.dll
0x00007ffb78ce0000 - 0x00007ffb78cf0000 	C:\Users\santy\.vscode\extensions\redhat.java-1.42.0-win32-x64\jre\21.0.7-win32-x86_64\bin\net.dll
0x00007ffba27c0000 - 0x00007ffba28de000 	C:\WINDOWS\SYSTEM32\WINHTTP.dll
0x00007ffba9060000 - 0x00007ffba90ca000 	C:\WINDOWS\system32\mswsock.dll
0x00007ffb3bdf0000 - 0x00007ffb3be06000 	C:\Users\santy\.vscode\extensions\redhat.java-1.42.0-win32-x64\jre\21.0.7-win32-x86_64\bin\nio.dll
0x00007ffb78b90000 - 0x00007ffb78ba0000 	c:\Users\santy\.vscode\extensions\redhat.java-1.42.0-win32-x64\jre\21.0.7-win32-x86_64\bin\verify.dll
0x00007ffb25c00000 - 0x00007ffb25c45000 	C:\Users\santy\AppData\Roaming\Code\User\globalStorage\redhat.java\1.42.0\config_win\org.eclipse.equinox.launcher\org.eclipse.equinox.launcher.win32.win32.x86_64_1.2.1300.v20250331-1702\eclipse_11911.dll
0x00007ffbab7b0000 - 0x00007ffbab94f000 	C:\WINDOWS\System32\ole32.dll

dbghelp: loaded successfully - version: 4.0.5 - missing functions: none
symbol engine: initialized successfully - sym options: 0x614 - pdb path: (cannot be retrieved)

VM Arguments:
jvm_args: --add-modules=ALL-SYSTEM --add-opens=java.base/java.util=ALL-UNNAMED --add-opens=java.base/java.lang=ALL-UNNAMED --add-opens=java.base/sun.nio.fs=ALL-UNNAMED -Declipse.application=org.eclipse.jdt.ls.core.id1 -Dosgi.bundles.defaultStartLevel=4 -Declipse.product=org.eclipse.jdt.ls.core.product -Djava.import.generatesMetadataFilesAtProjectRoot=false -DDetectVMInstallationsJob.disabled=true -Dfile.encoding=utf8 -XX:+UseParallelGC -XX:GCTimeRatio=4 -XX:AdaptiveSizePolicyWeight=90 -Dsun.zip.disableMemoryMapping=true -Xmx1G -Xms100m -Xlog:disable -javaagent:c:\Users\santy\.vscode\extensions\redhat.java-1.42.0-win32-x64\lombok\lombok-1.18.36.jar -XX:+HeapDumpOnOutOfMemoryError -XX:HeapDumpPath=c:\Users\santy\AppData\Roaming\Code\User\workspaceStorage\0a76d4bd7d16ebb6aad7bda8e9b40fa5\redhat.java -Daether.dependencyCollector.impl=bf 
java_command: c:\Users\santy\.vscode\extensions\redhat.java-1.42.0-win32-x64\server\plugins\org.eclipse.equinox.launcher_1.7.0.v20250424-1814.jar -configuration c:\Users\santy\AppData\Roaming\Code\User\globalStorage\redhat.java\1.42.0\config_win -data c:\Users\santy\AppData\Roaming\Code\User\workspaceStorage\0a76d4bd7d16ebb6aad7bda8e9b40fa5\redhat.java\jdt_ws --pipe=\\.\pipe\lsp-428977fd98ebc38c46896d939dcb28de-sock
java_class_path (initial): c:\Users\santy\.vscode\extensions\redhat.java-1.42.0-win32-x64\server\plugins\org.eclipse.equinox.launcher_1.7.0.v20250424-1814.jar
Launcher Type: SUN_STANDARD

[Global flags]
    uintx AdaptiveSizePolicyWeight                 = 90                                        {product} {command line}
     intx CICompilerCount                          = 4                                         {product} {ergonomic}
    uintx GCTimeRatio                              = 4                                         {product} {command line}
     bool HeapDumpOnOutOfMemoryError               = true                                   {manageable} {command line}
    ccstr HeapDumpPath                             = c:\Users\santy\AppData\Roaming\Code\User\workspaceStorage\0a76d4bd7d16ebb6aad7bda8e9b40fa5\redhat.java         {manageable} {command line}
   size_t InitialHeapSize                          = 104857600                                 {product} {command line}
   size_t MaxHeapSize                              = 1073741824                                {product} {command line}
   size_t MaxNewSize                               = 357564416                                 {product} {ergonomic}
   size_t MinHeapDeltaBytes                        = 524288                                    {product} {ergonomic}
   size_t MinHeapSize                              = 104857600                                 {product} {command line}
   size_t NewSize                                  = 34603008                                  {product} {ergonomic}
    uintx NonNMethodCodeHeapSize                   = 5839372                                {pd product} {ergonomic}
    uintx NonProfiledCodeHeapSize                  = 122909434                              {pd product} {ergonomic}
   size_t OldSize                                  = 70254592                                  {product} {ergonomic}
    uintx ProfiledCodeHeapSize                     = 122909434                              {pd product} {ergonomic}
    uintx ReservedCodeCacheSize                    = 251658240                              {pd product} {ergonomic}
     bool SegmentedCodeCache                       = true                                      {product} {ergonomic}
   size_t SoftMaxHeapSize                          = 1073741824                             {manageable} {ergonomic}
     bool UseCompressedOops                        = true                           {product lp64_product} {ergonomic}
     bool UseLargePagesIndividualAllocation        = false                                  {pd product} {ergonomic}
     bool UseParallelGC                            = true                                      {product} {command line}

Logging:
Log output configuration:
 #0: stdout all=off uptime,level,tags foldmultilines=false
 #1: stderr all=off uptime,level,tags foldmultilines=false

Environment Variables:
JAVA_HOME=C:\Program Files\Java\jdk-11
PATH=C:\Program Files\Java\jdk-11\bin;C:\Program Files\Common Files\Oracle\Java\javapath;C:\Program Files (x86)\Common Files\Oracle\Java\java8path;C:\Program Files (x86)\Common Files\Oracle\Java\javapath;C:\Program Files\Microsoft SDKs\Azure\CLI2\wbin;C:\windows\system32;C:\windows;C:\windows\System32\Wbem;C:\windows\System32\WindowsPowerShell\v1.0\;C:\windows\System32\OpenSSH\;C:\Program Files (x86)\NVIDIA Corporation\PhysX\Common;C:\WINDOWS\system32;C:\WINDOWS;C:\WINDOWS\System32\Wbem;C:\WINDOWS\System32\WindowsPowerShell\v1.0\;C:\WINDOWS\System32\OpenSSH\;C:\Program Files\NVIDIA Corporation\NVIDIA app\NvDLISR;C:\Program Files\HP\HP One Agent;C:\Program Files\Docker\Docker\resources\bin;C:\Program Files (x86)\Gpg4win\..\GnuPG\bin;C:\Program Files\Git\cmd;C:\Program Files\nodejs\;C:\ProgramData\chocolatey\bin;C:\Program Files\Apache\maven\bin\bin;C:\Program Files\Go\bin;C:\ProgramData\chocolatey\lib\maven\apache-maven-3.9.9\bin;C:\minikube;C:\Program Files\dotnet\;C:\Program Files\Java\jdk-11\bin;C:\Users\santy\AppData\Roaming\Python\Python313;C:\Users\santy\AppData\Roaming\Python\Python313\Scripts;C:\Users\santy\AppData\Local\spicetify;C:\Users\santy\AppData\Local\GitHubDesktop\bin;C:\Users\santy\AppData\Local\Programs\Microsoft VS Code\bin;C:\Users\santy\AppData\Roaming\npm;C:\Users\santy\AppData\Local\Microsoft\WindowsApps;C:\Users\santy\AppData\Local\Muse Hub\lib
USERNAME=santy
OS=Windows_NT
PROCESSOR_IDENTIFIER=Intel64 Family 6 Model 141 Stepping 1, GenuineIntel
TMP=C:\Users\santy\AppData\Local\Temp
TEMP=C:\Users\santy\AppData\Local\Temp




Periodic native trim disabled

---------------  S Y S T E M  ---------------

OS:
 Windows 11 , 64 bit Build 26100 (10.0.26100.3912)
OS uptime: 0 days 0:05 hours
Hyper-V role detected

CPU: total 12 (initial active 12) (6 cores per cpu, 2 threads per core) family 6 model 141 stepping 1 microcode 0x4e, cx8, cmov, fxsr, ht, mmx, 3dnowpref, sse, sse2, sse3, ssse3, sse4.1, sse4.2, popcnt, lzcnt, tsc, tscinvbit, avx, avx2, aes, erms, clmul, bmi1, bmi2, adx, avx512f, avx512dq, avx512cd, avx512bw, avx512vl, sha, fma, vzeroupper, avx512_vpopcntdq, avx512_vpclmulqdq, avx512_vaes, avx512_vnni, clflush, clflushopt, clwb, avx512_vbmi2, avx512_vbmi, hv, rdtscp, rdpid, fsrm, gfni, avx512_bitalg, f16c, cet_ibt, cet_ss, avx512_ifma
Processor Information for processor 0
  Max Mhz: 2688, Current Mhz: 2688, Mhz Limit: 2688
Processor Information for processor 1
  Max Mhz: 2688, Current Mhz: 2688, Mhz Limit: 2688
Processor Information for processor 2
  Max Mhz: 2688, Current Mhz: 2688, Mhz Limit: 2688
Processor Information for processor 3
  Max Mhz: 2688, Current Mhz: 995, Mhz Limit: 2688
Processor Information for processor 4
  Max Mhz: 2688, Current Mhz: 2688, Mhz Limit: 2688
Processor Information for processor 5
  Max Mhz: 2688, Current Mhz: 2688, Mhz Limit: 2688
Processor Information for processor 6
  Max Mhz: 2688, Current Mhz: 995, Mhz Limit: 2688
Processor Information for processor 7
  Max Mhz: 2688, Current Mhz: 995, Mhz Limit: 2688
Processor Information for processor 8
  Max Mhz: 2688, Current Mhz: 2688, Mhz Limit: 2688
Processor Information for processor 9
  Max Mhz: 2688, Current Mhz: 2688, Mhz Limit: 2688
Processor Information for processor 10
  Max Mhz: 2688, Current Mhz: 995, Mhz Limit: 2688
Processor Information for processor 11
  Max Mhz: 2688, Current Mhz: 995, Mhz Limit: 2688

Memory: 4k page, system-wide physical 7830M (646M free)
TotalPageFile size 31382M (AvailPageFile size 0M)
current process WorkingSet (physical memory assigned to process): 95M, peak: 95M
current process commit charge ("private bytes"): 223M, peak: 224M

vm_info: OpenJDK 64-Bit Server VM (21.0.7+6-LTS) for windows-amd64 JRE (21.0.7+6-LTS), built on 2025-04-15T00:00:00Z by "admin" with MS VC++ 17.7 (VS2022)

END.
